[INFO ] 2019-03-12 13:25:25 [main] o.s.b.t.c.SpringBootTestContextBootstrapper - Neither @ContextConfiguration nor @ContextHierarchy found for test class [com.test.SampleTest], using SpringBootContextLoader
[INFO ] 2019-03-12 13:25:25 [main] o.s.t.c.s.AbstractContextLoader - Could not detect default resource locations for test class [com.test.SampleTest]: no resource found for suffixes {-context.xml, Context.groovy}.
[INFO ] 2019-03-12 13:25:25 [main] o.s.b.t.c.SpringBootTestContextBootstrapper - Loaded default TestExecutionListener class names from location [META-INF/spring.factories]: [org.springframework.boot.test.mock.mockito.MockitoTestExecutionListener, org.springframework.boot.test.mock.mockito.ResetMocksTestExecutionListener, org.springframework.boot.test.autoconfigure.restdocs.RestDocsTestExecutionListener, org.springframework.boot.test.autoconfigure.web.client.MockRestServiceServerResetTestExecutionListener, org.springframework.boot.test.autoconfigure.web.servlet.MockMvcPrintOnlyOnFailureTestExecutionListener, org.springframework.boot.test.autoconfigure.web.servlet.WebDriverTestExecutionListener, org.springframework.test.context.web.ServletTestExecutionListener, org.springframework.test.context.support.DirtiesContextBeforeModesTestExecutionListener, org.springframework.test.context.support.DependencyInjectionTestExecutionListener, org.springframework.test.context.support.DirtiesContextTestExecutionListener, org.springframework.test.context.transaction.TransactionalTestExecutionListener, org.springframework.test.context.jdbc.SqlScriptsTestExecutionListener]
[INFO ] 2019-03-12 13:25:25 [main] o.s.b.t.c.SpringBootTestContextBootstrapper - Using TestExecutionListeners: [org.springframework.test.context.web.ServletTestExecutionListener@6a03bcb1, org.springframework.test.context.support.DirtiesContextBeforeModesTestExecutionListener@21b2e768, org.springframework.boot.test.mock.mockito.MockitoTestExecutionListener@57250572, org.springframework.boot.test.autoconfigure.SpringBootDependencyInjectionTestExecutionListener@5609159b, org.springframework.test.context.support.DirtiesContextTestExecutionListener@2118cddf, org.springframework.test.context.transaction.TransactionalTestExecutionListener@17a7f733, org.springframework.test.context.jdbc.SqlScriptsTestExecutionListener@68567e20, org.springframework.boot.test.mock.mockito.ResetMocksTestExecutionListener@76ed1b7c, org.springframework.boot.test.autoconfigure.web.servlet.MockMvcPrintOnlyOnFailureTestExecutionListener@11fc564b, org.springframework.boot.test.autoconfigure.restdocs.RestDocsTestExecutionListener@394a2528, org.springframework.boot.test.autoconfigure.web.servlet.WebDriverTestExecutionListener@6236eb5f, org.springframework.boot.test.autoconfigure.web.client.MockRestServiceServerResetTestExecutionListener@7c1e2a9e]
[INFO ] 2019-03-12 13:25:27 [main] com.test.SampleTest - Starting SampleTest on asuscy with PID 2248 (started by ggg in D:\code\fish_parent\fish_match)
[INFO ] 2019-03-12 13:25:27 [main] com.test.SampleTest - No active profile set, falling back to default profiles: default
[INFO ] 2019-03-12 13:25:27 [main] o.s.w.c.s.GenericWebApplicationContext - Refreshing org.springframework.web.context.support.GenericWebApplicationContext@4bff7da0: startup date [Tue Mar 12 13:25:28 CST 2019]; root of context hierarchy
[INFO ] 2019-03-12 13:25:27 [main] o.s.c.s.PostProcessorRegistrationDelegate$BeanPostProcessorChecker - Bean 'org.springframework.transaction.annotation.ProxyTransactionManagementConfiguration' of type [org.springframework.transaction.annotation.ProxyTransactionManagementConfiguration$$EnhancerBySpringCGLIB$$351da318] is not eligible for getting processed by all BeanPostProcessors (for example: not eligible for auto-proxying)
[INFO ] 2019-03-12 13:25:27 [main] com.zaxxer.hikari.HikariDataSource - HikariPool-1 - Starting...
[INFO ] 2019-03-12 13:25:27 [main] com.zaxxer.hikari.HikariDataSource - HikariPool-1 - Start completed.
[INFO ] 2019-03-12 13:25:27 [main] o.s.o.j.LocalContainerEntityManagerFactoryBean - Building JPA container EntityManagerFactory for persistence unit 'default'
[INFO ] 2019-03-12 13:25:27 [main] org.hibernate.Version - HHH000412: Hibernate Core {5.2.16.Final}
[INFO ] 2019-03-12 13:25:27 [main] org.hibernate.cfg.Environment - HHH000206: hibernate.properties not found
[INFO ] 2019-03-12 13:25:27 [main] o.h.annotations.common.Version - HCANN000001: Hibernate Commons Annotations {5.0.1.Final}
[INFO ] 2019-03-12 13:25:27 [main] org.hibernate.dialect.Dialect - HHH000400: Using dialect: org.hibernate.dialect.MySQL5Dialect
[INFO ] 2019-03-12 13:25:27 [main] o.s.o.j.LocalContainerEntityManagerFactoryBean - Initialized JPA EntityManagerFactory for persistence unit 'default'
[INFO ] 2019-03-12 13:25:27 [main] o.s.w.s.h.SimpleUrlHandlerMapping - Mapped URL path [/**/favicon.ico] onto handler of type [class org.springframework.web.servlet.resource.ResourceHttpRequestHandler]
[INFO ] 2019-03-12 13:25:27 [main] o.s.w.s.m.m.a.RequestMappingHandlerAdapter - Looking for @ControllerAdvice: org.springframework.web.context.support.GenericWebApplicationContext@4bff7da0: startup date [Tue Mar 12 13:25:28 CST 2019]; root of context hierarchy
[INFO ] 2019-03-12 13:25:27 [main] o.s.w.s.m.m.a.RequestMappingHandlerMapping - Mapped "{[/error]}" onto public org.springframework.http.ResponseEntity<java.util.Map<java.lang.String, java.lang.Object>> org.springframework.boot.autoconfigure.web.servlet.error.BasicErrorController.error(javax.servlet.http.HttpServletRequest)
[INFO ] 2019-03-12 13:25:27 [main] o.s.w.s.m.m.a.RequestMappingHandlerMapping - Mapped "{[/error],produces=[text/html]}" onto public org.springframework.web.servlet.ModelAndView org.springframework.boot.autoconfigure.web.servlet.error.BasicErrorController.errorHtml(javax.servlet.http.HttpServletRequest,javax.servlet.http.HttpServletResponse)
[INFO ] 2019-03-12 13:25:27 [main] o.s.w.s.h.SimpleUrlHandlerMapping - Mapped URL path [/webjars/**] onto handler of type [class org.springframework.web.servlet.resource.ResourceHttpRequestHandler]
[INFO ] 2019-03-12 13:25:27 [main] o.s.w.s.h.SimpleUrlHandlerMapping - Mapped URL path [/**] onto handler of type [class org.springframework.web.servlet.resource.ResourceHttpRequestHandler]
[INFO ] 2019-03-12 13:25:27 [main] com.test.SampleTest - Started SampleTest in 11.532 seconds (JVM running for 13.536)
[INFO ] 2019-03-12 13:25:27 [main] o.h.h.i.QueryTranslatorFactoryInitiator - HHH000397: Using ASTQueryTranslatorFactory
[INFO ] 2019-03-12 13:25:27 [Thread-2] o.s.w.c.s.GenericWebApplicationContext - Closing org.springframework.web.context.support.GenericWebApplicationContext@4bff7da0: startup date [Tue Mar 12 13:25:28 CST 2019]; root of context hierarchy
[INFO ] 2019-03-12 13:25:27 [Thread-2] o.s.o.j.LocalContainerEntityManagerFactoryBean - Closing JPA EntityManagerFactory for persistence unit 'default'
[INFO ] 2019-03-12 13:25:27 [Thread-2] com.zaxxer.hikari.HikariDataSource - HikariPool-1 - Shutdown initiated...
[INFO ] 2019-03-12 13:25:27 [Thread-2] com.zaxxer.hikari.HikariDataSource - HikariPool-1 - Shutdown completed.
[INFO ] 2019-03-12 13:49:35 [main] o.s.b.t.c.SpringBootTestContextBootstrapper - Neither @ContextConfiguration nor @ContextHierarchy found for test class [com.test.SampleTest], using SpringBootContextLoader
[INFO ] 2019-03-12 13:49:35 [main] o.s.t.c.s.AbstractContextLoader - Could not detect default resource locations for test class [com.test.SampleTest]: no resource found for suffixes {-context.xml, Context.groovy}.
[INFO ] 2019-03-12 13:49:35 [main] o.s.b.t.c.SpringBootTestContextBootstrapper - Loaded default TestExecutionListener class names from location [META-INF/spring.factories]: [org.springframework.boot.test.mock.mockito.MockitoTestExecutionListener, org.springframework.boot.test.mock.mockito.ResetMocksTestExecutionListener, org.springframework.boot.test.autoconfigure.restdocs.RestDocsTestExecutionListener, org.springframework.boot.test.autoconfigure.web.client.MockRestServiceServerResetTestExecutionListener, org.springframework.boot.test.autoconfigure.web.servlet.MockMvcPrintOnlyOnFailureTestExecutionListener, org.springframework.boot.test.autoconfigure.web.servlet.WebDriverTestExecutionListener, org.springframework.test.context.web.ServletTestExecutionListener, org.springframework.test.context.support.DirtiesContextBeforeModesTestExecutionListener, org.springframework.test.context.support.DependencyInjectionTestExecutionListener, org.springframework.test.context.support.DirtiesContextTestExecutionListener, org.springframework.test.context.transaction.TransactionalTestExecutionListener, org.springframework.test.context.jdbc.SqlScriptsTestExecutionListener]
[INFO ] 2019-03-12 13:49:35 [main] o.s.b.t.c.SpringBootTestContextBootstrapper - Using TestExecutionListeners: [org.springframework.test.context.web.ServletTestExecutionListener@6a03bcb1, org.springframework.test.context.support.DirtiesContextBeforeModesTestExecutionListener@21b2e768, org.springframework.boot.test.mock.mockito.MockitoTestExecutionListener@57250572, org.springframework.boot.test.autoconfigure.SpringBootDependencyInjectionTestExecutionListener@5609159b, org.springframework.test.context.support.DirtiesContextTestExecutionListener@2118cddf, org.springframework.test.context.transaction.TransactionalTestExecutionListener@17a7f733, org.springframework.test.context.jdbc.SqlScriptsTestExecutionListener@68567e20, org.springframework.boot.test.mock.mockito.ResetMocksTestExecutionListener@76ed1b7c, org.springframework.boot.test.autoconfigure.web.servlet.MockMvcPrintOnlyOnFailureTestExecutionListener@11fc564b, org.springframework.boot.test.autoconfigure.restdocs.RestDocsTestExecutionListener@394a2528, org.springframework.boot.test.autoconfigure.web.servlet.WebDriverTestExecutionListener@6236eb5f, org.springframework.boot.test.autoconfigure.web.client.MockRestServiceServerResetTestExecutionListener@7c1e2a9e]
[INFO ] 2019-03-12 13:49:37 [main] com.test.SampleTest - Starting SampleTest on asuscy with PID 10664 (started by ggg in D:\code\fish_parent\fish_match)
[INFO ] 2019-03-12 13:49:37 [main] com.test.SampleTest - No active profile set, falling back to default profiles: default
[INFO ] 2019-03-12 13:49:37 [main] o.s.w.c.s.GenericWebApplicationContext - Refreshing org.springframework.web.context.support.GenericWebApplicationContext@47c81abf: startup date [Tue Mar 12 13:49:38 CST 2019]; root of context hierarchy
[INFO ] 2019-03-12 13:49:37 [main] o.s.c.s.PostProcessorRegistrationDelegate$BeanPostProcessorChecker - Bean 'org.springframework.transaction.annotation.ProxyTransactionManagementConfiguration' of type [org.springframework.transaction.annotation.ProxyTransactionManagementConfiguration$$EnhancerBySpringCGLIB$$fcdb437a] is not eligible for getting processed by all BeanPostProcessors (for example: not eligible for auto-proxying)
[INFO ] 2019-03-12 13:49:37 [main] com.zaxxer.hikari.HikariDataSource - HikariPool-1 - Starting...
[INFO ] 2019-03-12 13:49:37 [main] com.zaxxer.hikari.HikariDataSource - HikariPool-1 - Start completed.
[INFO ] 2019-03-12 13:49:37 [main] o.s.o.j.LocalContainerEntityManagerFactoryBean - Building JPA container EntityManagerFactory for persistence unit 'default'
[INFO ] 2019-03-12 13:49:37 [main] org.hibernate.Version - HHH000412: Hibernate Core {5.2.16.Final}
[INFO ] 2019-03-12 13:49:37 [main] org.hibernate.cfg.Environment - HHH000206: hibernate.properties not found
[INFO ] 2019-03-12 13:49:37 [main] o.h.annotations.common.Version - HCANN000001: Hibernate Commons Annotations {5.0.1.Final}
[INFO ] 2019-03-12 13:49:37 [main] org.hibernate.dialect.Dialect - HHH000400: Using dialect: org.hibernate.dialect.MySQL5Dialect
[INFO ] 2019-03-12 13:49:37 [main] o.s.o.j.LocalContainerEntityManagerFactoryBean - Initialized JPA EntityManagerFactory for persistence unit 'default'
[INFO ] 2019-03-12 13:49:37 [main] o.s.w.s.h.SimpleUrlHandlerMapping - Mapped URL path [/**/favicon.ico] onto handler of type [class org.springframework.web.servlet.resource.ResourceHttpRequestHandler]
[INFO ] 2019-03-12 13:49:37 [main] o.s.w.s.m.m.a.RequestMappingHandlerAdapter - Looking for @ControllerAdvice: org.springframework.web.context.support.GenericWebApplicationContext@47c81abf: startup date [Tue Mar 12 13:49:38 CST 2019]; root of context hierarchy
[INFO ] 2019-03-12 13:49:37 [main] o.s.w.s.m.m.a.RequestMappingHandlerMapping - Mapped "{[/error]}" onto public org.springframework.http.ResponseEntity<java.util.Map<java.lang.String, java.lang.Object>> org.springframework.boot.autoconfigure.web.servlet.error.BasicErrorController.error(javax.servlet.http.HttpServletRequest)
[INFO ] 2019-03-12 13:49:37 [main] o.s.w.s.m.m.a.RequestMappingHandlerMapping - Mapped "{[/error],produces=[text/html]}" onto public org.springframework.web.servlet.ModelAndView org.springframework.boot.autoconfigure.web.servlet.error.BasicErrorController.errorHtml(javax.servlet.http.HttpServletRequest,javax.servlet.http.HttpServletResponse)
[INFO ] 2019-03-12 13:49:37 [main] o.s.w.s.h.SimpleUrlHandlerMapping - Mapped URL path [/webjars/**] onto handler of type [class org.springframework.web.servlet.resource.ResourceHttpRequestHandler]
[INFO ] 2019-03-12 13:49:37 [main] o.s.w.s.h.SimpleUrlHandlerMapping - Mapped URL path [/**] onto handler of type [class org.springframework.web.servlet.resource.ResourceHttpRequestHandler]
[INFO ] 2019-03-12 13:49:37 [main] com.test.SampleTest - Started SampleTest in 14.469 seconds (JVM running for 16.683)
[INFO ] 2019-03-12 13:49:37 [main] o.h.h.i.QueryTranslatorFactoryInitiator - HHH000397: Using ASTQueryTranslatorFactory
[INFO ] 2019-03-12 13:49:37 [Thread-2] o.s.w.c.s.GenericWebApplicationContext - Closing org.springframework.web.context.support.GenericWebApplicationContext@47c81abf: startup date [Tue Mar 12 13:49:38 CST 2019]; root of context hierarchy
[INFO ] 2019-03-12 13:49:37 [Thread-2] o.s.o.j.LocalContainerEntityManagerFactoryBean - Closing JPA EntityManagerFactory for persistence unit 'default'
[INFO ] 2019-03-12 13:49:37 [Thread-2] com.zaxxer.hikari.HikariDataSource - HikariPool-1 - Shutdown initiated...
[INFO ] 2019-03-12 13:49:37 [Thread-2] com.zaxxer.hikari.HikariDataSource - HikariPool-1 - Shutdown completed.
[INFO ] 2019-03-12 13:52:11 [main] o.s.b.t.c.SpringBootTestContextBootstrapper - Neither @ContextConfiguration nor @ContextHierarchy found for test class [com.test.SampleTest], using SpringBootContextLoader
[INFO ] 2019-03-12 13:52:11 [main] o.s.t.c.s.AbstractContextLoader - Could not detect default resource locations for test class [com.test.SampleTest]: no resource found for suffixes {-context.xml, Context.groovy}.
[INFO ] 2019-03-12 13:52:11 [main] o.s.b.t.c.SpringBootTestContextBootstrapper - Loaded default TestExecutionListener class names from location [META-INF/spring.factories]: [org.springframework.boot.test.mock.mockito.MockitoTestExecutionListener, org.springframework.boot.test.mock.mockito.ResetMocksTestExecutionListener, org.springframework.boot.test.autoconfigure.restdocs.RestDocsTestExecutionListener, org.springframework.boot.test.autoconfigure.web.client.MockRestServiceServerResetTestExecutionListener, org.springframework.boot.test.autoconfigure.web.servlet.MockMvcPrintOnlyOnFailureTestExecutionListener, org.springframework.boot.test.autoconfigure.web.servlet.WebDriverTestExecutionListener, org.springframework.test.context.web.ServletTestExecutionListener, org.springframework.test.context.support.DirtiesContextBeforeModesTestExecutionListener, org.springframework.test.context.support.DependencyInjectionTestExecutionListener, org.springframework.test.context.support.DirtiesContextTestExecutionListener, org.springframework.test.context.transaction.TransactionalTestExecutionListener, org.springframework.test.context.jdbc.SqlScriptsTestExecutionListener]
[INFO ] 2019-03-12 13:52:11 [main] o.s.b.t.c.SpringBootTestContextBootstrapper - Using TestExecutionListeners: [org.springframework.test.context.web.ServletTestExecutionListener@6a03bcb1, org.springframework.test.context.support.DirtiesContextBeforeModesTestExecutionListener@21b2e768, org.springframework.boot.test.mock.mockito.MockitoTestExecutionListener@57250572, org.springframework.boot.test.autoconfigure.SpringBootDependencyInjectionTestExecutionListener@5609159b, org.springframework.test.context.support.DirtiesContextTestExecutionListener@2118cddf, org.springframework.test.context.transaction.TransactionalTestExecutionListener@17a7f733, org.springframework.test.context.jdbc.SqlScriptsTestExecutionListener@68567e20, org.springframework.boot.test.mock.mockito.ResetMocksTestExecutionListener@76ed1b7c, org.springframework.boot.test.autoconfigure.web.servlet.MockMvcPrintOnlyOnFailureTestExecutionListener@11fc564b, org.springframework.boot.test.autoconfigure.restdocs.RestDocsTestExecutionListener@394a2528, org.springframework.boot.test.autoconfigure.web.servlet.WebDriverTestExecutionListener@6236eb5f, org.springframework.boot.test.autoconfigure.web.client.MockRestServiceServerResetTestExecutionListener@7c1e2a9e]
[INFO ] 2019-03-12 13:52:13 [main] com.test.SampleTest - Starting SampleTest on asuscy with PID 2068 (started by ggg in D:\code\fish_parent\fish_match)
[INFO ] 2019-03-12 13:52:13 [main] com.test.SampleTest - No active profile set, falling back to default profiles: default
[INFO ] 2019-03-12 13:52:13 [main] o.s.w.c.s.GenericWebApplicationContext - Refreshing org.springframework.web.context.support.GenericWebApplicationContext@47c81abf: startup date [Tue Mar 12 13:52:13 CST 2019]; root of context hierarchy
[INFO ] 2019-03-12 13:52:13 [main] o.s.c.s.PostProcessorRegistrationDelegate$BeanPostProcessorChecker - Bean 'org.springframework.transaction.annotation.ProxyTransactionManagementConfiguration' of type [org.springframework.transaction.annotation.ProxyTransactionManagementConfiguration$$EnhancerBySpringCGLIB$$a40a1be6] is not eligible for getting processed by all BeanPostProcessors (for example: not eligible for auto-proxying)
[INFO ] 2019-03-12 13:52:13 [main] com.zaxxer.hikari.HikariDataSource - HikariPool-1 - Starting...
[INFO ] 2019-03-12 13:52:13 [main] com.zaxxer.hikari.HikariDataSource - HikariPool-1 - Start completed.
[INFO ] 2019-03-12 13:52:13 [main] o.s.o.j.LocalContainerEntityManagerFactoryBean - Building JPA container EntityManagerFactory for persistence unit 'default'
[INFO ] 2019-03-12 13:52:13 [main] org.hibernate.Version - HHH000412: Hibernate Core {5.2.16.Final}
[INFO ] 2019-03-12 13:52:13 [main] org.hibernate.cfg.Environment - HHH000206: hibernate.properties not found
[INFO ] 2019-03-12 13:52:13 [main] o.h.annotations.common.Version - HCANN000001: Hibernate Commons Annotations {5.0.1.Final}
[INFO ] 2019-03-12 13:52:13 [main] org.hibernate.dialect.Dialect - HHH000400: Using dialect: org.hibernate.dialect.MySQL5Dialect
[INFO ] 2019-03-12 13:52:13 [main] o.s.o.j.LocalContainerEntityManagerFactoryBean - Initialized JPA EntityManagerFactory for persistence unit 'default'
[INFO ] 2019-03-12 13:52:13 [main] o.s.w.s.h.SimpleUrlHandlerMapping - Mapped URL path [/**/favicon.ico] onto handler of type [class org.springframework.web.servlet.resource.ResourceHttpRequestHandler]
[INFO ] 2019-03-12 13:52:13 [main] o.s.w.s.m.m.a.RequestMappingHandlerAdapter - Looking for @ControllerAdvice: org.springframework.web.context.support.GenericWebApplicationContext@47c81abf: startup date [Tue Mar 12 13:52:13 CST 2019]; root of context hierarchy
[INFO ] 2019-03-12 13:52:13 [main] o.s.w.s.m.m.a.RequestMappingHandlerMapping - Mapped "{[/error]}" onto public org.springframework.http.ResponseEntity<java.util.Map<java.lang.String, java.lang.Object>> org.springframework.boot.autoconfigure.web.servlet.error.BasicErrorController.error(javax.servlet.http.HttpServletRequest)
[INFO ] 2019-03-12 13:52:13 [main] o.s.w.s.m.m.a.RequestMappingHandlerMapping - Mapped "{[/error],produces=[text/html]}" onto public org.springframework.web.servlet.ModelAndView org.springframework.boot.autoconfigure.web.servlet.error.BasicErrorController.errorHtml(javax.servlet.http.HttpServletRequest,javax.servlet.http.HttpServletResponse)
[INFO ] 2019-03-12 13:52:13 [main] o.s.w.s.h.SimpleUrlHandlerMapping - Mapped URL path [/webjars/**] onto handler of type [class org.springframework.web.servlet.resource.ResourceHttpRequestHandler]
[INFO ] 2019-03-12 13:52:13 [main] o.s.w.s.h.SimpleUrlHandlerMapping - Mapped URL path [/**] onto handler of type [class org.springframework.web.servlet.resource.ResourceHttpRequestHandler]
[INFO ] 2019-03-12 13:52:13 [main] com.test.SampleTest - Started SampleTest in 11.822 seconds (JVM running for 14.063)
[INFO ] 2019-03-12 13:52:13 [main] o.h.h.i.QueryTranslatorFactoryInitiator - HHH000397: Using ASTQueryTranslatorFactory
[INFO ] 2019-03-12 13:52:13 [Thread-2] o.s.w.c.s.GenericWebApplicationContext - Closing org.springframework.web.context.support.GenericWebApplicationContext@47c81abf: startup date [Tue Mar 12 13:52:13 CST 2019]; root of context hierarchy
[INFO ] 2019-03-12 13:52:13 [Thread-2] o.s.o.j.LocalContainerEntityManagerFactoryBean - Closing JPA EntityManagerFactory for persistence unit 'default'
[INFO ] 2019-03-12 13:52:13 [Thread-2] com.zaxxer.hikari.HikariDataSource - HikariPool-1 - Shutdown initiated...
[INFO ] 2019-03-12 13:52:13 [Thread-2] com.zaxxer.hikari.HikariDataSource - HikariPool-1 - Shutdown completed.
[INFO ] 2019-03-12 13:53:05 [main] o.s.b.t.c.SpringBootTestContextBootstrapper - Neither @ContextConfiguration nor @ContextHierarchy found for test class [com.test.SampleTest], using SpringBootContextLoader
[INFO ] 2019-03-12 13:53:05 [main] o.s.t.c.s.AbstractContextLoader - Could not detect default resource locations for test class [com.test.SampleTest]: no resource found for suffixes {-context.xml, Context.groovy}.
[INFO ] 2019-03-12 13:53:05 [main] o.s.b.t.c.SpringBootTestContextBootstrapper - Loaded default TestExecutionListener class names from location [META-INF/spring.factories]: [org.springframework.boot.test.mock.mockito.MockitoTestExecutionListener, org.springframework.boot.test.mock.mockito.ResetMocksTestExecutionListener, org.springframework.boot.test.autoconfigure.restdocs.RestDocsTestExecutionListener, org.springframework.boot.test.autoconfigure.web.client.MockRestServiceServerResetTestExecutionListener, org.springframework.boot.test.autoconfigure.web.servlet.MockMvcPrintOnlyOnFailureTestExecutionListener, org.springframework.boot.test.autoconfigure.web.servlet.WebDriverTestExecutionListener, org.springframework.test.context.web.ServletTestExecutionListener, org.springframework.test.context.support.DirtiesContextBeforeModesTestExecutionListener, org.springframework.test.context.support.DependencyInjectionTestExecutionListener, org.springframework.test.context.support.DirtiesContextTestExecutionListener, org.springframework.test.context.transaction.TransactionalTestExecutionListener, org.springframework.test.context.jdbc.SqlScriptsTestExecutionListener]
[INFO ] 2019-03-12 13:53:05 [main] o.s.b.t.c.SpringBootTestContextBootstrapper - Using TestExecutionListeners: [org.springframework.test.context.web.ServletTestExecutionListener@6a03bcb1, org.springframework.test.context.support.DirtiesContextBeforeModesTestExecutionListener@21b2e768, org.springframework.boot.test.mock.mockito.MockitoTestExecutionListener@57250572, org.springframework.boot.test.autoconfigure.SpringBootDependencyInjectionTestExecutionListener@5609159b, org.springframework.test.context.support.DirtiesContextTestExecutionListener@2118cddf, org.springframework.test.context.transaction.TransactionalTestExecutionListener@17a7f733, org.springframework.test.context.jdbc.SqlScriptsTestExecutionListener@68567e20, org.springframework.boot.test.mock.mockito.ResetMocksTestExecutionListener@76ed1b7c, org.springframework.boot.test.autoconfigure.web.servlet.MockMvcPrintOnlyOnFailureTestExecutionListener@11fc564b, org.springframework.boot.test.autoconfigure.restdocs.RestDocsTestExecutionListener@394a2528, org.springframework.boot.test.autoconfigure.web.servlet.WebDriverTestExecutionListener@6236eb5f, org.springframework.boot.test.autoconfigure.web.client.MockRestServiceServerResetTestExecutionListener@7c1e2a9e]
[INFO ] 2019-03-12 13:53:07 [main] com.test.SampleTest - Starting SampleTest on asuscy with PID 5932 (started by ggg in D:\code\fish_parent\fish_match)
[INFO ] 2019-03-12 13:53:07 [main] com.test.SampleTest - No active profile set, falling back to default profiles: default
[INFO ] 2019-03-12 13:53:07 [main] o.s.w.c.s.GenericWebApplicationContext - Refreshing org.springframework.web.context.support.GenericWebApplicationContext@638ef7ed: startup date [Tue Mar 12 13:53:07 CST 2019]; root of context hierarchy
[INFO ] 2019-03-12 13:53:07 [main] o.s.c.s.PostProcessorRegistrationDelegate$BeanPostProcessorChecker - Bean 'org.springframework.transaction.annotation.ProxyTransactionManagementConfiguration' of type [org.springframework.transaction.annotation.ProxyTransactionManagementConfiguration$$EnhancerBySpringCGLIB$$8d27ffbe] is not eligible for getting processed by all BeanPostProcessors (for example: not eligible for auto-proxying)
[INFO ] 2019-03-12 13:53:07 [main] com.zaxxer.hikari.HikariDataSource - HikariPool-1 - Starting...
[INFO ] 2019-03-12 13:53:07 [main] com.zaxxer.hikari.HikariDataSource - HikariPool-1 - Start completed.
[INFO ] 2019-03-12 13:53:07 [main] o.s.o.j.LocalContainerEntityManagerFactoryBean - Building JPA container EntityManagerFactory for persistence unit 'default'
[INFO ] 2019-03-12 13:53:07 [main] org.hibernate.Version - HHH000412: Hibernate Core {5.2.16.Final}
[INFO ] 2019-03-12 13:53:07 [main] org.hibernate.cfg.Environment - HHH000206: hibernate.properties not found
[INFO ] 2019-03-12 13:53:07 [main] o.h.annotations.common.Version - HCANN000001: Hibernate Commons Annotations {5.0.1.Final}
[INFO ] 2019-03-12 13:53:07 [main] org.hibernate.dialect.Dialect - HHH000400: Using dialect: org.hibernate.dialect.MySQL5Dialect
[INFO ] 2019-03-12 13:53:07 [main] o.s.o.j.LocalContainerEntityManagerFactoryBean - Initialized JPA EntityManagerFactory for persistence unit 'default'
[INFO ] 2019-03-12 13:53:07 [main] o.s.w.s.h.SimpleUrlHandlerMapping - Mapped URL path [/**/favicon.ico] onto handler of type [class org.springframework.web.servlet.resource.ResourceHttpRequestHandler]
[INFO ] 2019-03-12 13:53:07 [main] o.s.w.s.m.m.a.RequestMappingHandlerAdapter - Looking for @ControllerAdvice: org.springframework.web.context.support.GenericWebApplicationContext@638ef7ed: startup date [Tue Mar 12 13:53:07 CST 2019]; root of context hierarchy
[INFO ] 2019-03-12 13:53:07 [main] o.s.w.s.m.m.a.RequestMappingHandlerMapping - Mapped "{[/error]}" onto public org.springframework.http.ResponseEntity<java.util.Map<java.lang.String, java.lang.Object>> org.springframework.boot.autoconfigure.web.servlet.error.BasicErrorController.error(javax.servlet.http.HttpServletRequest)
[INFO ] 2019-03-12 13:53:07 [main] o.s.w.s.m.m.a.RequestMappingHandlerMapping - Mapped "{[/error],produces=[text/html]}" onto public org.springframework.web.servlet.ModelAndView org.springframework.boot.autoconfigure.web.servlet.error.BasicErrorController.errorHtml(javax.servlet.http.HttpServletRequest,javax.servlet.http.HttpServletResponse)
[INFO ] 2019-03-12 13:53:07 [main] o.s.w.s.h.SimpleUrlHandlerMapping - Mapped URL path [/webjars/**] onto handler of type [class org.springframework.web.servlet.resource.ResourceHttpRequestHandler]
[INFO ] 2019-03-12 13:53:07 [main] o.s.w.s.h.SimpleUrlHandlerMapping - Mapped URL path [/**] onto handler of type [class org.springframework.web.servlet.resource.ResourceHttpRequestHandler]
[INFO ] 2019-03-12 13:53:07 [main] com.test.SampleTest - Started SampleTest in 11.762 seconds (JVM running for 13.691)
[INFO ] 2019-03-12 13:53:07 [main] o.h.h.i.QueryTranslatorFactoryInitiator - HHH000397: Using ASTQueryTranslatorFactory
[INFO ] 2019-03-12 13:53:07 [Thread-2] o.s.w.c.s.GenericWebApplicationContext - Closing org.springframework.web.context.support.GenericWebApplicationContext@638ef7ed: startup date [Tue Mar 12 13:53:07 CST 2019]; root of context hierarchy
[INFO ] 2019-03-12 13:53:07 [Thread-2] o.s.o.j.LocalContainerEntityManagerFactoryBean - Closing JPA EntityManagerFactory for persistence unit 'default'
[INFO ] 2019-03-12 13:53:07 [Thread-2] com.zaxxer.hikari.HikariDataSource - HikariPool-1 - Shutdown initiated...
[INFO ] 2019-03-12 13:53:07 [Thread-2] com.zaxxer.hikari.HikariDataSource - HikariPool-1 - Shutdown completed.
[INFO ] 2019-03-12 13:58:31 [main] o.s.b.t.c.SpringBootTestContextBootstrapper - Neither @ContextConfiguration nor @ContextHierarchy found for test class [com.test.SampleTest], using SpringBootContextLoader
[INFO ] 2019-03-12 13:58:31 [main] o.s.t.c.s.AbstractContextLoader - Could not detect default resource locations for test class [com.test.SampleTest]: no resource found for suffixes {-context.xml, Context.groovy}.
[INFO ] 2019-03-12 13:58:31 [main] o.s.b.t.c.SpringBootTestContextBootstrapper - Loaded default TestExecutionListener class names from location [META-INF/spring.factories]: [org.springframework.boot.test.mock.mockito.MockitoTestExecutionListener, org.springframework.boot.test.mock.mockito.ResetMocksTestExecutionListener, org.springframework.boot.test.autoconfigure.restdocs.RestDocsTestExecutionListener, org.springframework.boot.test.autoconfigure.web.client.MockRestServiceServerResetTestExecutionListener, org.springframework.boot.test.autoconfigure.web.servlet.MockMvcPrintOnlyOnFailureTestExecutionListener, org.springframework.boot.test.autoconfigure.web.servlet.WebDriverTestExecutionListener, org.springframework.test.context.web.ServletTestExecutionListener, org.springframework.test.context.support.DirtiesContextBeforeModesTestExecutionListener, org.springframework.test.context.support.DependencyInjectionTestExecutionListener, org.springframework.test.context.support.DirtiesContextTestExecutionListener, org.springframework.test.context.transaction.TransactionalTestExecutionListener, org.springframework.test.context.jdbc.SqlScriptsTestExecutionListener]
[INFO ] 2019-03-12 13:58:31 [main] o.s.b.t.c.SpringBootTestContextBootstrapper - Using TestExecutionListeners: [org.springframework.test.context.web.ServletTestExecutionListener@6a03bcb1, org.springframework.test.context.support.DirtiesContextBeforeModesTestExecutionListener@21b2e768, org.springframework.boot.test.mock.mockito.MockitoTestExecutionListener@57250572, org.springframework.boot.test.autoconfigure.SpringBootDependencyInjectionTestExecutionListener@5609159b, org.springframework.test.context.support.DirtiesContextTestExecutionListener@2118cddf, org.springframework.test.context.transaction.TransactionalTestExecutionListener@17a7f733, org.springframework.test.context.jdbc.SqlScriptsTestExecutionListener@68567e20, org.springframework.boot.test.mock.mockito.ResetMocksTestExecutionListener@76ed1b7c, org.springframework.boot.test.autoconfigure.web.servlet.MockMvcPrintOnlyOnFailureTestExecutionListener@11fc564b, org.springframework.boot.test.autoconfigure.restdocs.RestDocsTestExecutionListener@394a2528, org.springframework.boot.test.autoconfigure.web.servlet.WebDriverTestExecutionListener@6236eb5f, org.springframework.boot.test.autoconfigure.web.client.MockRestServiceServerResetTestExecutionListener@7c1e2a9e]
[INFO ] 2019-03-12 13:58:32 [main] com.test.SampleTest - Starting SampleTest on asuscy with PID 10124 (started by ggg in D:\code\fish_parent\fish_match)
[INFO ] 2019-03-12 13:58:32 [main] com.test.SampleTest - No active profile set, falling back to default profiles: default
[INFO ] 2019-03-12 13:58:32 [main] o.s.w.c.s.GenericWebApplicationContext - Refreshing org.springframework.web.context.support.GenericWebApplicationContext@21d03963: startup date [Tue Mar 12 13:58:33 CST 2019]; root of context hierarchy
[INFO ] 2019-03-12 13:58:32 [main] o.s.c.s.PostProcessorRegistrationDelegate$BeanPostProcessorChecker - Bean 'org.springframework.transaction.annotation.ProxyTransactionManagementConfiguration' of type [org.springframework.transaction.annotation.ProxyTransactionManagementConfiguration$$EnhancerBySpringCGLIB$$a40a1be6] is not eligible for getting processed by all BeanPostProcessors (for example: not eligible for auto-proxying)
[INFO ] 2019-03-12 13:58:32 [main] com.zaxxer.hikari.HikariDataSource - HikariPool-1 - Starting...
[INFO ] 2019-03-12 13:58:32 [main] com.zaxxer.hikari.HikariDataSource - HikariPool-1 - Start completed.
[INFO ] 2019-03-12 13:58:32 [main] o.s.o.j.LocalContainerEntityManagerFactoryBean - Building JPA container EntityManagerFactory for persistence unit 'default'
[INFO ] 2019-03-12 13:58:32 [main] org.hibernate.Version - HHH000412: Hibernate Core {5.2.16.Final}
[INFO ] 2019-03-12 13:58:32 [main] org.hibernate.cfg.Environment - HHH000206: hibernate.properties not found
[INFO ] 2019-03-12 13:58:32 [main] o.h.annotations.common.Version - HCANN000001: Hibernate Commons Annotations {5.0.1.Final}
[INFO ] 2019-03-12 13:58:32 [main] org.hibernate.dialect.Dialect - HHH000400: Using dialect: org.hibernate.dialect.MySQL5Dialect
[INFO ] 2019-03-12 13:58:32 [main] o.s.o.j.LocalContainerEntityManagerFactoryBean - Initialized JPA EntityManagerFactory for persistence unit 'default'
[INFO ] 2019-03-12 13:58:32 [main] o.s.w.s.h.SimpleUrlHandlerMapping - Mapped URL path [/**/favicon.ico] onto handler of type [class org.springframework.web.servlet.resource.ResourceHttpRequestHandler]
[INFO ] 2019-03-12 13:58:32 [main] o.s.w.s.m.m.a.RequestMappingHandlerAdapter - Looking for @ControllerAdvice: org.springframework.web.context.support.GenericWebApplicationContext@21d03963: startup date [Tue Mar 12 13:58:33 CST 2019]; root of context hierarchy
[INFO ] 2019-03-12 13:58:32 [main] o.s.w.s.m.m.a.RequestMappingHandlerMapping - Mapped "{[/error]}" onto public org.springframework.http.ResponseEntity<java.util.Map<java.lang.String, java.lang.Object>> org.springframework.boot.autoconfigure.web.servlet.error.BasicErrorController.error(javax.servlet.http.HttpServletRequest)
[INFO ] 2019-03-12 13:58:32 [main] o.s.w.s.m.m.a.RequestMappingHandlerMapping - Mapped "{[/error],produces=[text/html]}" onto public org.springframework.web.servlet.ModelAndView org.springframework.boot.autoconfigure.web.servlet.error.BasicErrorController.errorHtml(javax.servlet.http.HttpServletRequest,javax.servlet.http.HttpServletResponse)
[INFO ] 2019-03-12 13:58:32 [main] o.s.w.s.h.SimpleUrlHandlerMapping - Mapped URL path [/webjars/**] onto handler of type [class org.springframework.web.servlet.resource.ResourceHttpRequestHandler]
[INFO ] 2019-03-12 13:58:32 [main] o.s.w.s.h.SimpleUrlHandlerMapping - Mapped URL path [/**] onto handler of type [class org.springframework.web.servlet.resource.ResourceHttpRequestHandler]
[INFO ] 2019-03-12 13:58:32 [main] com.test.SampleTest - Started SampleTest in 10.976 seconds (JVM running for 12.943)
[INFO ] 2019-03-12 13:58:32 [main] o.h.h.i.QueryTranslatorFactoryInitiator - HHH000397: Using ASTQueryTranslatorFactory
[INFO ] 2019-03-12 13:58:32 [Thread-2] o.s.w.c.s.GenericWebApplicationContext - Closing org.springframework.web.context.support.GenericWebApplicationContext@21d03963: startup date [Tue Mar 12 13:58:33 CST 2019]; root of context hierarchy
[INFO ] 2019-03-12 13:58:32 [Thread-2] o.s.o.j.LocalContainerEntityManagerFactoryBean - Closing JPA EntityManagerFactory for persistence unit 'default'
[INFO ] 2019-03-12 13:58:32 [Thread-2] com.zaxxer.hikari.HikariDataSource - HikariPool-1 - Shutdown initiated...
[INFO ] 2019-03-12 13:58:32 [Thread-2] com.zaxxer.hikari.HikariDataSource - HikariPool-1 - Shutdown completed.
[INFO ] 2019-03-12 14:01:35 [main] o.s.b.t.c.SpringBootTestContextBootstrapper - Neither @ContextConfiguration nor @ContextHierarchy found for test class [com.test.SampleTest], using SpringBootContextLoader
[INFO ] 2019-03-12 14:01:35 [main] o.s.t.c.s.AbstractContextLoader - Could not detect default resource locations for test class [com.test.SampleTest]: no resource found for suffixes {-context.xml, Context.groovy}.
[INFO ] 2019-03-12 14:01:35 [main] o.s.b.t.c.SpringBootTestContextBootstrapper - Loaded default TestExecutionListener class names from location [META-INF/spring.factories]: [org.springframework.boot.test.mock.mockito.MockitoTestExecutionListener, org.springframework.boot.test.mock.mockito.ResetMocksTestExecutionListener, org.springframework.boot.test.autoconfigure.restdocs.RestDocsTestExecutionListener, org.springframework.boot.test.autoconfigure.web.client.MockRestServiceServerResetTestExecutionListener, org.springframework.boot.test.autoconfigure.web.servlet.MockMvcPrintOnlyOnFailureTestExecutionListener, org.springframework.boot.test.autoconfigure.web.servlet.WebDriverTestExecutionListener, org.springframework.test.context.web.ServletTestExecutionListener, org.springframework.test.context.support.DirtiesContextBeforeModesTestExecutionListener, org.springframework.test.context.support.DependencyInjectionTestExecutionListener, org.springframework.test.context.support.DirtiesContextTestExecutionListener, org.springframework.test.context.transaction.TransactionalTestExecutionListener, org.springframework.test.context.jdbc.SqlScriptsTestExecutionListener]
[INFO ] 2019-03-12 14:01:35 [main] o.s.b.t.c.SpringBootTestContextBootstrapper - Using TestExecutionListeners: [org.springframework.test.context.web.ServletTestExecutionListener@6a03bcb1, org.springframework.test.context.support.DirtiesContextBeforeModesTestExecutionListener@21b2e768, org.springframework.boot.test.mock.mockito.MockitoTestExecutionListener@57250572, org.springframework.boot.test.autoconfigure.SpringBootDependencyInjectionTestExecutionListener@5609159b, org.springframework.test.context.support.DirtiesContextTestExecutionListener@2118cddf, org.springframework.test.context.transaction.TransactionalTestExecutionListener@17a7f733, org.springframework.test.context.jdbc.SqlScriptsTestExecutionListener@68567e20, org.springframework.boot.test.mock.mockito.ResetMocksTestExecutionListener@76ed1b7c, org.springframework.boot.test.autoconfigure.web.servlet.MockMvcPrintOnlyOnFailureTestExecutionListener@11fc564b, org.springframework.boot.test.autoconfigure.restdocs.RestDocsTestExecutionListener@394a2528, org.springframework.boot.test.autoconfigure.web.servlet.WebDriverTestExecutionListener@6236eb5f, org.springframework.boot.test.autoconfigure.web.client.MockRestServiceServerResetTestExecutionListener@7c1e2a9e]
[INFO ] 2019-03-12 14:01:37 [main] com.test.SampleTest - Starting SampleTest on asuscy with PID 14276 (started by ggg in D:\code\fish_parent\fish_match)
[INFO ] 2019-03-12 14:01:37 [main] com.test.SampleTest - No active profile set, falling back to default profiles: default
[INFO ] 2019-03-12 14:01:37 [main] o.s.w.c.s.GenericWebApplicationContext - Refreshing org.springframework.web.context.support.GenericWebApplicationContext@638ef7ed: startup date [Tue Mar 12 14:01:37 CST 2019]; root of context hierarchy
[INFO ] 2019-03-12 14:01:37 [main] o.s.c.s.PostProcessorRegistrationDelegate$BeanPostProcessorChecker - Bean 'org.springframework.transaction.annotation.ProxyTransactionManagementConfiguration' of type [org.springframework.transaction.annotation.ProxyTransactionManagementConfiguration$$EnhancerBySpringCGLIB$$e1289cc3] is not eligible for getting processed by all BeanPostProcessors (for example: not eligible for auto-proxying)
[INFO ] 2019-03-12 14:01:37 [main] com.zaxxer.hikari.HikariDataSource - HikariPool-1 - Starting...
[INFO ] 2019-03-12 14:01:37 [main] com.zaxxer.hikari.HikariDataSource - HikariPool-1 - Start completed.
[INFO ] 2019-03-12 14:01:37 [main] o.s.o.j.LocalContainerEntityManagerFactoryBean - Building JPA container EntityManagerFactory for persistence unit 'default'
[INFO ] 2019-03-12 14:01:37 [main] org.hibernate.Version - HHH000412: Hibernate Core {5.2.16.Final}
[INFO ] 2019-03-12 14:01:37 [main] org.hibernate.cfg.Environment - HHH000206: hibernate.properties not found
[INFO ] 2019-03-12 14:01:37 [main] o.h.annotations.common.Version - HCANN000001: Hibernate Commons Annotations {5.0.1.Final}
[INFO ] 2019-03-12 14:01:37 [main] org.hibernate.dialect.Dialect - HHH000400: Using dialect: org.hibernate.dialect.MySQL5Dialect
[INFO ] 2019-03-12 14:01:37 [main] o.s.o.j.LocalContainerEntityManagerFactoryBean - Initialized JPA EntityManagerFactory for persistence unit 'default'
[INFO ] 2019-03-12 14:01:37 [main] o.s.w.s.h.SimpleUrlHandlerMapping - Mapped URL path [/**/favicon.ico] onto handler of type [class org.springframework.web.servlet.resource.ResourceHttpRequestHandler]
[INFO ] 2019-03-12 14:01:37 [main] o.s.w.s.m.m.a.RequestMappingHandlerAdapter - Looking for @ControllerAdvice: org.springframework.web.context.support.GenericWebApplicationContext@638ef7ed: startup date [Tue Mar 12 14:01:37 CST 2019]; root of context hierarchy
[INFO ] 2019-03-12 14:01:37 [main] o.s.w.s.m.m.a.RequestMappingHandlerMapping - Mapped "{[/error]}" onto public org.springframework.http.ResponseEntity<java.util.Map<java.lang.String, java.lang.Object>> org.springframework.boot.autoconfigure.web.servlet.error.BasicErrorController.error(javax.servlet.http.HttpServletRequest)
[INFO ] 2019-03-12 14:01:37 [main] o.s.w.s.m.m.a.RequestMappingHandlerMapping - Mapped "{[/error],produces=[text/html]}" onto public org.springframework.web.servlet.ModelAndView org.springframework.boot.autoconfigure.web.servlet.error.BasicErrorController.errorHtml(javax.servlet.http.HttpServletRequest,javax.servlet.http.HttpServletResponse)
[INFO ] 2019-03-12 14:01:37 [main] o.s.w.s.h.SimpleUrlHandlerMapping - Mapped URL path [/webjars/**] onto handler of type [class org.springframework.web.servlet.resource.ResourceHttpRequestHandler]
[INFO ] 2019-03-12 14:01:37 [main] o.s.w.s.h.SimpleUrlHandlerMapping - Mapped URL path [/**] onto handler of type [class org.springframework.web.servlet.resource.ResourceHttpRequestHandler]
[INFO ] 2019-03-12 14:01:37 [main] com.test.SampleTest - Started SampleTest in 11.205 seconds (JVM running for 13.306)
[INFO ] 2019-03-12 14:01:37 [main] o.h.h.i.QueryTranslatorFactoryInitiator - HHH000397: Using ASTQueryTranslatorFactory
[INFO ] 2019-03-12 14:01:37 [Thread-2] o.s.w.c.s.GenericWebApplicationContext - Closing org.springframework.web.context.support.GenericWebApplicationContext@638ef7ed: startup date [Tue Mar 12 14:01:37 CST 2019]; root of context hierarchy
[INFO ] 2019-03-12 14:01:37 [Thread-2] o.s.o.j.LocalContainerEntityManagerFactoryBean - Closing JPA EntityManagerFactory for persistence unit 'default'
[INFO ] 2019-03-12 14:01:37 [Thread-2] com.zaxxer.hikari.HikariDataSource - HikariPool-1 - Shutdown initiated...
[INFO ] 2019-03-12 14:01:37 [Thread-2] com.zaxxer.hikari.HikariDataSource - HikariPool-1 - Shutdown completed.
[INFO ] 2019-03-12 14:03:00 [main] o.s.b.t.c.SpringBootTestContextBootstrapper - Neither @ContextConfiguration nor @ContextHierarchy found for test class [com.test.SampleTest], using SpringBootContextLoader
[INFO ] 2019-03-12 14:03:00 [main] o.s.t.c.s.AbstractContextLoader - Could not detect default resource locations for test class [com.test.SampleTest]: no resource found for suffixes {-context.xml, Context.groovy}.
[INFO ] 2019-03-12 14:03:00 [main] o.s.b.t.c.SpringBootTestContextBootstrapper - Loaded default TestExecutionListener class names from location [META-INF/spring.factories]: [org.springframework.boot.test.mock.mockito.MockitoTestExecutionListener, org.springframework.boot.test.mock.mockito.ResetMocksTestExecutionListener, org.springframework.boot.test.autoconfigure.restdocs.RestDocsTestExecutionListener, org.springframework.boot.test.autoconfigure.web.client.MockRestServiceServerResetTestExecutionListener, org.springframework.boot.test.autoconfigure.web.servlet.MockMvcPrintOnlyOnFailureTestExecutionListener, org.springframework.boot.test.autoconfigure.web.servlet.WebDriverTestExecutionListener, org.springframework.test.context.web.ServletTestExecutionListener, org.springframework.test.context.support.DirtiesContextBeforeModesTestExecutionListener, org.springframework.test.context.support.DependencyInjectionTestExecutionListener, org.springframework.test.context.support.DirtiesContextTestExecutionListener, org.springframework.test.context.transaction.TransactionalTestExecutionListener, org.springframework.test.context.jdbc.SqlScriptsTestExecutionListener]
[INFO ] 2019-03-12 14:03:00 [main] o.s.b.t.c.SpringBootTestContextBootstrapper - Using TestExecutionListeners: [org.springframework.test.context.web.ServletTestExecutionListener@6a03bcb1, org.springframework.test.context.support.DirtiesContextBeforeModesTestExecutionListener@21b2e768, org.springframework.boot.test.mock.mockito.MockitoTestExecutionListener@57250572, org.springframework.boot.test.autoconfigure.SpringBootDependencyInjectionTestExecutionListener@5609159b, org.springframework.test.context.support.DirtiesContextTestExecutionListener@2118cddf, org.springframework.test.context.transaction.TransactionalTestExecutionListener@17a7f733, org.springframework.test.context.jdbc.SqlScriptsTestExecutionListener@68567e20, org.springframework.boot.test.mock.mockito.ResetMocksTestExecutionListener@76ed1b7c, org.springframework.boot.test.autoconfigure.web.servlet.MockMvcPrintOnlyOnFailureTestExecutionListener@11fc564b, org.springframework.boot.test.autoconfigure.restdocs.RestDocsTestExecutionListener@394a2528, org.springframework.boot.test.autoconfigure.web.servlet.WebDriverTestExecutionListener@6236eb5f, org.springframework.boot.test.autoconfigure.web.client.MockRestServiceServerResetTestExecutionListener@7c1e2a9e]
[INFO ] 2019-03-12 14:03:02 [main] com.test.SampleTest - Starting SampleTest on asuscy with PID 10852 (started by ggg in D:\code\fish_parent\fish_match)
[INFO ] 2019-03-12 14:03:02 [main] com.test.SampleTest - No active profile set, falling back to default profiles: default
[INFO ] 2019-03-12 14:03:02 [main] o.s.w.c.s.GenericWebApplicationContext - Refreshing org.springframework.web.context.support.GenericWebApplicationContext@776a6d9b: startup date [Tue Mar 12 14:03:03 CST 2019]; root of context hierarchy
[INFO ] 2019-03-12 14:03:02 [main] o.s.c.s.PostProcessorRegistrationDelegate$BeanPostProcessorChecker - Bean 'org.springframework.transaction.annotation.ProxyTransactionManagementConfiguration' of type [org.springframework.transaction.annotation.ProxyTransactionManagementConfiguration$$EnhancerBySpringCGLIB$$22c89842] is not eligible for getting processed by all BeanPostProcessors (for example: not eligible for auto-proxying)
[INFO ] 2019-03-12 14:03:02 [main] com.zaxxer.hikari.HikariDataSource - HikariPool-1 - Starting...
[INFO ] 2019-03-12 14:03:02 [main] com.zaxxer.hikari.HikariDataSource - HikariPool-1 - Start completed.
[INFO ] 2019-03-12 14:03:02 [main] o.s.o.j.LocalContainerEntityManagerFactoryBean - Building JPA container EntityManagerFactory for persistence unit 'default'
[INFO ] 2019-03-12 14:03:02 [main] org.hibernate.Version - HHH000412: Hibernate Core {5.2.16.Final}
[INFO ] 2019-03-12 14:03:02 [main] org.hibernate.cfg.Environment - HHH000206: hibernate.properties not found
[INFO ] 2019-03-12 14:03:02 [main] o.h.annotations.common.Version - HCANN000001: Hibernate Commons Annotations {5.0.1.Final}
[INFO ] 2019-03-12 14:03:02 [main] org.hibernate.dialect.Dialect - HHH000400: Using dialect: org.hibernate.dialect.MySQL5Dialect
[INFO ] 2019-03-12 14:03:02 [main] o.s.o.j.LocalContainerEntityManagerFactoryBean - Initialized JPA EntityManagerFactory for persistence unit 'default'
[INFO ] 2019-03-12 14:03:02 [main] o.s.w.s.h.SimpleUrlHandlerMapping - Mapped URL path [/**/favicon.ico] onto handler of type [class org.springframework.web.servlet.resource.ResourceHttpRequestHandler]
[INFO ] 2019-03-12 14:03:02 [main] o.s.w.s.m.m.a.RequestMappingHandlerAdapter - Looking for @ControllerAdvice: org.springframework.web.context.support.GenericWebApplicationContext@776a6d9b: startup date [Tue Mar 12 14:03:03 CST 2019]; root of context hierarchy
[INFO ] 2019-03-12 14:03:02 [main] o.s.w.s.m.m.a.RequestMappingHandlerMapping - Mapped "{[/error]}" onto public org.springframework.http.ResponseEntity<java.util.Map<java.lang.String, java.lang.Object>> org.springframework.boot.autoconfigure.web.servlet.error.BasicErrorController.error(javax.servlet.http.HttpServletRequest)
[INFO ] 2019-03-12 14:03:02 [main] o.s.w.s.m.m.a.RequestMappingHandlerMapping - Mapped "{[/error],produces=[text/html]}" onto public org.springframework.web.servlet.ModelAndView org.springframework.boot.autoconfigure.web.servlet.error.BasicErrorController.errorHtml(javax.servlet.http.HttpServletRequest,javax.servlet.http.HttpServletResponse)
[INFO ] 2019-03-12 14:03:02 [main] o.s.w.s.h.SimpleUrlHandlerMapping - Mapped URL path [/webjars/**] onto handler of type [class org.springframework.web.servlet.resource.ResourceHttpRequestHandler]
[INFO ] 2019-03-12 14:03:02 [main] o.s.w.s.h.SimpleUrlHandlerMapping - Mapped URL path [/**] onto handler of type [class org.springframework.web.servlet.resource.ResourceHttpRequestHandler]
[INFO ] 2019-03-12 14:03:02 [main] com.test.SampleTest - Started SampleTest in 10.79 seconds (JVM running for 12.758)
[INFO ] 2019-03-12 14:03:02 [main] o.h.h.i.QueryTranslatorFactoryInitiator - HHH000397: Using ASTQueryTranslatorFactory
[INFO ] 2019-03-12 14:03:02 [Thread-2] o.s.w.c.s.GenericWebApplicationContext - Closing org.springframework.web.context.support.GenericWebApplicationContext@776a6d9b: startup date [Tue Mar 12 14:03:03 CST 2019]; root of context hierarchy
[INFO ] 2019-03-12 14:03:02 [Thread-2] o.s.o.j.LocalContainerEntityManagerFactoryBean - Closing JPA EntityManagerFactory for persistence unit 'default'
[INFO ] 2019-03-12 14:03:02 [Thread-2] com.zaxxer.hikari.HikariDataSource - HikariPool-1 - Shutdown initiated...
[INFO ] 2019-03-12 14:03:02 [Thread-2] com.zaxxer.hikari.HikariDataSource - HikariPool-1 - Shutdown completed.
[INFO ] 2019-03-12 14:04:34 [main] o.s.b.t.c.SpringBootTestContextBootstrapper - Neither @ContextConfiguration nor @ContextHierarchy found for test class [com.test.SampleTest], using SpringBootContextLoader
[INFO ] 2019-03-12 14:04:34 [main] o.s.t.c.s.AbstractContextLoader - Could not detect default resource locations for test class [com.test.SampleTest]: no resource found for suffixes {-context.xml, Context.groovy}.
[INFO ] 2019-03-12 14:04:34 [main] o.s.b.t.c.SpringBootTestContextBootstrapper - Loaded default TestExecutionListener class names from location [META-INF/spring.factories]: [org.springframework.boot.test.mock.mockito.MockitoTestExecutionListener, org.springframework.boot.test.mock.mockito.ResetMocksTestExecutionListener, org.springframework.boot.test.autoconfigure.restdocs.RestDocsTestExecutionListener, org.springframework.boot.test.autoconfigure.web.client.MockRestServiceServerResetTestExecutionListener, org.springframework.boot.test.autoconfigure.web.servlet.MockMvcPrintOnlyOnFailureTestExecutionListener, org.springframework.boot.test.autoconfigure.web.servlet.WebDriverTestExecutionListener, org.springframework.test.context.web.ServletTestExecutionListener, org.springframework.test.context.support.DirtiesContextBeforeModesTestExecutionListener, org.springframework.test.context.support.DependencyInjectionTestExecutionListener, org.springframework.test.context.support.DirtiesContextTestExecutionListener, org.springframework.test.context.transaction.TransactionalTestExecutionListener, org.springframework.test.context.jdbc.SqlScriptsTestExecutionListener]
[INFO ] 2019-03-12 14:04:34 [main] o.s.b.t.c.SpringBootTestContextBootstrapper - Using TestExecutionListeners: [org.springframework.test.context.web.ServletTestExecutionListener@6a03bcb1, org.springframework.test.context.support.DirtiesContextBeforeModesTestExecutionListener@21b2e768, org.springframework.boot.test.mock.mockito.MockitoTestExecutionListener@57250572, org.springframework.boot.test.autoconfigure.SpringBootDependencyInjectionTestExecutionListener@5609159b, org.springframework.test.context.support.DirtiesContextTestExecutionListener@2118cddf, org.springframework.test.context.transaction.TransactionalTestExecutionListener@17a7f733, org.springframework.test.context.jdbc.SqlScriptsTestExecutionListener@68567e20, org.springframework.boot.test.mock.mockito.ResetMocksTestExecutionListener@76ed1b7c, org.springframework.boot.test.autoconfigure.web.servlet.MockMvcPrintOnlyOnFailureTestExecutionListener@11fc564b, org.springframework.boot.test.autoconfigure.restdocs.RestDocsTestExecutionListener@394a2528, org.springframework.boot.test.autoconfigure.web.servlet.WebDriverTestExecutionListener@6236eb5f, org.springframework.boot.test.autoconfigure.web.client.MockRestServiceServerResetTestExecutionListener@7c1e2a9e]
[INFO ] 2019-03-12 14:04:36 [main] com.test.SampleTest - Starting SampleTest on asuscy with PID 5056 (started by ggg in D:\code\fish_parent\fish_match)
[INFO ] 2019-03-12 14:04:36 [main] com.test.SampleTest - No active profile set, falling back to default profiles: default
[INFO ] 2019-03-12 14:04:36 [main] o.s.w.c.s.GenericWebApplicationContext - Refreshing org.springframework.web.context.support.GenericWebApplicationContext@776a6d9b: startup date [Tue Mar 12 14:04:36 CST 2019]; root of context hierarchy
[INFO ] 2019-03-12 14:04:36 [main] o.s.c.s.PostProcessorRegistrationDelegate$BeanPostProcessorChecker - Bean 'org.springframework.transaction.annotation.ProxyTransactionManagementConfiguration' of type [org.springframework.transaction.annotation.ProxyTransactionManagementConfiguration$$EnhancerBySpringCGLIB$$e751c732] is not eligible for getting processed by all BeanPostProcessors (for example: not eligible for auto-proxying)
[INFO ] 2019-03-12 14:04:36 [main] com.zaxxer.hikari.HikariDataSource - HikariPool-1 - Starting...
[INFO ] 2019-03-12 14:04:36 [main] com.zaxxer.hikari.HikariDataSource - HikariPool-1 - Start completed.
[INFO ] 2019-03-12 14:04:36 [main] o.s.o.j.LocalContainerEntityManagerFactoryBean - Building JPA container EntityManagerFactory for persistence unit 'default'
[INFO ] 2019-03-12 14:04:36 [main] org.hibernate.Version - HHH000412: Hibernate Core {5.2.16.Final}
[INFO ] 2019-03-12 14:04:36 [main] org.hibernate.cfg.Environment - HHH000206: hibernate.properties not found
[INFO ] 2019-03-12 14:04:36 [main] o.h.annotations.common.Version - HCANN000001: Hibernate Commons Annotations {5.0.1.Final}
[INFO ] 2019-03-12 14:04:36 [main] org.hibernate.dialect.Dialect - HHH000400: Using dialect: org.hibernate.dialect.MySQL5Dialect
[INFO ] 2019-03-12 14:04:36 [main] o.s.o.j.LocalContainerEntityManagerFactoryBean - Initialized JPA EntityManagerFactory for persistence unit 'default'
[INFO ] 2019-03-12 14:04:36 [main] o.s.w.s.h.SimpleUrlHandlerMapping - Mapped URL path [/**/favicon.ico] onto handler of type [class org.springframework.web.servlet.resource.ResourceHttpRequestHandler]
[INFO ] 2019-03-12 14:04:36 [main] o.s.w.s.m.m.a.RequestMappingHandlerAdapter - Looking for @ControllerAdvice: org.springframework.web.context.support.GenericWebApplicationContext@776a6d9b: startup date [Tue Mar 12 14:04:36 CST 2019]; root of context hierarchy
[INFO ] 2019-03-12 14:04:36 [main] o.s.w.s.m.m.a.RequestMappingHandlerMapping - Mapped "{[/error]}" onto public org.springframework.http.ResponseEntity<java.util.Map<java.lang.String, java.lang.Object>> org.springframework.boot.autoconfigure.web.servlet.error.BasicErrorController.error(javax.servlet.http.HttpServletRequest)
[INFO ] 2019-03-12 14:04:36 [main] o.s.w.s.m.m.a.RequestMappingHandlerMapping - Mapped "{[/error],produces=[text/html]}" onto public org.springframework.web.servlet.ModelAndView org.springframework.boot.autoconfigure.web.servlet.error.BasicErrorController.errorHtml(javax.servlet.http.HttpServletRequest,javax.servlet.http.HttpServletResponse)
[INFO ] 2019-03-12 14:04:36 [main] o.s.w.s.h.SimpleUrlHandlerMapping - Mapped URL path [/webjars/**] onto handler of type [class org.springframework.web.servlet.resource.ResourceHttpRequestHandler]
[INFO ] 2019-03-12 14:04:36 [main] o.s.w.s.h.SimpleUrlHandlerMapping - Mapped URL path [/**] onto handler of type [class org.springframework.web.servlet.resource.ResourceHttpRequestHandler]
[INFO ] 2019-03-12 14:04:36 [main] com.test.SampleTest - Started SampleTest in 10.874 seconds (JVM running for 12.87)
[INFO ] 2019-03-12 14:04:36 [main] o.h.h.i.QueryTranslatorFactoryInitiator - HHH000397: Using ASTQueryTranslatorFactory
[INFO ] 2019-03-12 14:04:36 [Thread-2] o.s.w.c.s.GenericWebApplicationContext - Closing org.springframework.web.context.support.GenericWebApplicationContext@776a6d9b: startup date [Tue Mar 12 14:04:36 CST 2019]; root of context hierarchy
[INFO ] 2019-03-12 14:04:36 [Thread-2] o.s.o.j.LocalContainerEntityManagerFactoryBean - Closing JPA EntityManagerFactory for persistence unit 'default'
[INFO ] 2019-03-12 14:04:36 [Thread-2] com.zaxxer.hikari.HikariDataSource - HikariPool-1 - Shutdown initiated...
[INFO ] 2019-03-12 14:04:36 [Thread-2] com.zaxxer.hikari.HikariDataSource - HikariPool-1 - Shutdown completed.
[INFO ] 2019-03-12 14:07:41 [main] o.s.b.t.c.SpringBootTestContextBootstrapper - Neither @ContextConfiguration nor @ContextHierarchy found for test class [com.test.SampleTest], using SpringBootContextLoader
[INFO ] 2019-03-12 14:07:41 [main] o.s.t.c.s.AbstractContextLoader - Could not detect default resource locations for test class [com.test.SampleTest]: no resource found for suffixes {-context.xml, Context.groovy}.
[INFO ] 2019-03-12 14:07:41 [main] o.s.b.t.c.SpringBootTestContextBootstrapper - Loaded default TestExecutionListener class names from location [META-INF/spring.factories]: [org.springframework.boot.test.mock.mockito.MockitoTestExecutionListener, org.springframework.boot.test.mock.mockito.ResetMocksTestExecutionListener, org.springframework.boot.test.autoconfigure.restdocs.RestDocsTestExecutionListener, org.springframework.boot.test.autoconfigure.web.client.MockRestServiceServerResetTestExecutionListener, org.springframework.boot.test.autoconfigure.web.servlet.MockMvcPrintOnlyOnFailureTestExecutionListener, org.springframework.boot.test.autoconfigure.web.servlet.WebDriverTestExecutionListener, org.springframework.test.context.web.ServletTestExecutionListener, org.springframework.test.context.support.DirtiesContextBeforeModesTestExecutionListener, org.springframework.test.context.support.DependencyInjectionTestExecutionListener, org.springframework.test.context.support.DirtiesContextTestExecutionListener, org.springframework.test.context.transaction.TransactionalTestExecutionListener, org.springframework.test.context.jdbc.SqlScriptsTestExecutionListener]
[INFO ] 2019-03-12 14:07:41 [main] o.s.b.t.c.SpringBootTestContextBootstrapper - Using TestExecutionListeners: [org.springframework.test.context.web.ServletTestExecutionListener@6a03bcb1, org.springframework.test.context.support.DirtiesContextBeforeModesTestExecutionListener@21b2e768, org.springframework.boot.test.mock.mockito.MockitoTestExecutionListener@57250572, org.springframework.boot.test.autoconfigure.SpringBootDependencyInjectionTestExecutionListener@5609159b, org.springframework.test.context.support.DirtiesContextTestExecutionListener@2118cddf, org.springframework.test.context.transaction.TransactionalTestExecutionListener@17a7f733, org.springframework.test.context.jdbc.SqlScriptsTestExecutionListener@68567e20, org.springframework.boot.test.mock.mockito.ResetMocksTestExecutionListener@76ed1b7c, org.springframework.boot.test.autoconfigure.web.servlet.MockMvcPrintOnlyOnFailureTestExecutionListener@11fc564b, org.springframework.boot.test.autoconfigure.restdocs.RestDocsTestExecutionListener@394a2528, org.springframework.boot.test.autoconfigure.web.servlet.WebDriverTestExecutionListener@6236eb5f, org.springframework.boot.test.autoconfigure.web.client.MockRestServiceServerResetTestExecutionListener@7c1e2a9e]
[INFO ] 2019-03-12 14:07:43 [main] com.test.SampleTest - Starting SampleTest on asuscy with PID 5084 (started by ggg in D:\code\fish_parent\fish_match)
[INFO ] 2019-03-12 14:07:43 [main] com.test.SampleTest - No active profile set, falling back to default profiles: default
[INFO ] 2019-03-12 14:07:43 [main] o.s.w.c.s.GenericWebApplicationContext - Refreshing org.springframework.web.context.support.GenericWebApplicationContext@21d03963: startup date [Tue Mar 12 14:07:43 CST 2019]; root of context hierarchy
[INFO ] 2019-03-12 14:07:43 [main] o.s.c.s.PostProcessorRegistrationDelegate$BeanPostProcessorChecker - Bean 'org.springframework.transaction.annotation.ProxyTransactionManagementConfiguration' of type [org.springframework.transaction.annotation.ProxyTransactionManagementConfiguration$$EnhancerBySpringCGLIB$$f22d6438] is not eligible for getting processed by all BeanPostProcessors (for example: not eligible for auto-proxying)
[INFO ] 2019-03-12 14:07:43 [main] com.zaxxer.hikari.HikariDataSource - HikariPool-1 - Starting...
[INFO ] 2019-03-12 14:07:43 [main] com.zaxxer.hikari.HikariDataSource - HikariPool-1 - Start completed.
[INFO ] 2019-03-12 14:07:43 [main] o.s.o.j.LocalContainerEntityManagerFactoryBean - Building JPA container EntityManagerFactory for persistence unit 'default'
[INFO ] 2019-03-12 14:07:43 [main] org.hibernate.Version - HHH000412: Hibernate Core {5.2.16.Final}
[INFO ] 2019-03-12 14:07:43 [main] org.hibernate.cfg.Environment - HHH000206: hibernate.properties not found
[INFO ] 2019-03-12 14:07:43 [main] o.h.annotations.common.Version - HCANN000001: Hibernate Commons Annotations {5.0.1.Final}
[INFO ] 2019-03-12 14:07:43 [main] org.hibernate.dialect.Dialect - HHH000400: Using dialect: org.hibernate.dialect.MySQL5Dialect
[INFO ] 2019-03-12 14:07:43 [main] o.s.o.j.LocalContainerEntityManagerFactoryBean - Initialized JPA EntityManagerFactory for persistence unit 'default'
[INFO ] 2019-03-12 14:07:43 [main] o.s.w.s.h.SimpleUrlHandlerMapping - Mapped URL path [/**/favicon.ico] onto handler of type [class org.springframework.web.servlet.resource.ResourceHttpRequestHandler]
[INFO ] 2019-03-12 14:07:43 [main] o.s.w.s.m.m.a.RequestMappingHandlerAdapter - Looking for @ControllerAdvice: org.springframework.web.context.support.GenericWebApplicationContext@21d03963: startup date [Tue Mar 12 14:07:43 CST 2019]; root of context hierarchy
[INFO ] 2019-03-12 14:07:43 [main] o.s.w.s.m.m.a.RequestMappingHandlerMapping - Mapped "{[/error]}" onto public org.springframework.http.ResponseEntity<java.util.Map<java.lang.String, java.lang.Object>> org.springframework.boot.autoconfigure.web.servlet.error.BasicErrorController.error(javax.servlet.http.HttpServletRequest)
[INFO ] 2019-03-12 14:07:43 [main] o.s.w.s.m.m.a.RequestMappingHandlerMapping - Mapped "{[/error],produces=[text/html]}" onto public org.springframework.web.servlet.ModelAndView org.springframework.boot.autoconfigure.web.servlet.error.BasicErrorController.errorHtml(javax.servlet.http.HttpServletRequest,javax.servlet.http.HttpServletResponse)
[INFO ] 2019-03-12 14:07:43 [main] o.s.w.s.h.SimpleUrlHandlerMapping - Mapped URL path [/webjars/**] onto handler of type [class org.springframework.web.servlet.resource.ResourceHttpRequestHandler]
[INFO ] 2019-03-12 14:07:43 [main] o.s.w.s.h.SimpleUrlHandlerMapping - Mapped URL path [/**] onto handler of type [class org.springframework.web.servlet.resource.ResourceHttpRequestHandler]
[INFO ] 2019-03-12 14:07:43 [main] com.test.SampleTest - Started SampleTest in 10.114 seconds (JVM running for 12.01)
[INFO ] 2019-03-12 14:07:43 [main] o.h.h.i.QueryTranslatorFactoryInitiator - HHH000397: Using ASTQueryTranslatorFactory
[INFO ] 2019-03-12 14:07:43 [Thread-2] o.s.w.c.s.GenericWebApplicationContext - Closing org.springframework.web.context.support.GenericWebApplicationContext@21d03963: startup date [Tue Mar 12 14:07:43 CST 2019]; root of context hierarchy
[INFO ] 2019-03-12 14:07:43 [Thread-2] o.s.o.j.LocalContainerEntityManagerFactoryBean - Closing JPA EntityManagerFactory for persistence unit 'default'
[INFO ] 2019-03-12 14:07:43 [Thread-2] com.zaxxer.hikari.HikariDataSource - HikariPool-1 - Shutdown initiated...
[INFO ] 2019-03-12 14:07:43 [Thread-2] com.zaxxer.hikari.HikariDataSource - HikariPool-1 - Shutdown completed.
[INFO ] 2019-03-12 14:08:45 [main] o.s.b.t.c.SpringBootTestContextBootstrapper - Neither @ContextConfiguration nor @ContextHierarchy found for test class [com.test.SampleTest], using SpringBootContextLoader
[INFO ] 2019-03-12 14:08:45 [main] o.s.t.c.s.AbstractContextLoader - Could not detect default resource locations for test class [com.test.SampleTest]: no resource found for suffixes {-context.xml, Context.groovy}.
[INFO ] 2019-03-12 14:08:45 [main] o.s.b.t.c.SpringBootTestContextBootstrapper - Loaded default TestExecutionListener class names from location [META-INF/spring.factories]: [org.springframework.boot.test.mock.mockito.MockitoTestExecutionListener, org.springframework.boot.test.mock.mockito.ResetMocksTestExecutionListener, org.springframework.boot.test.autoconfigure.restdocs.RestDocsTestExecutionListener, org.springframework.boot.test.autoconfigure.web.client.MockRestServiceServerResetTestExecutionListener, org.springframework.boot.test.autoconfigure.web.servlet.MockMvcPrintOnlyOnFailureTestExecutionListener, org.springframework.boot.test.autoconfigure.web.servlet.WebDriverTestExecutionListener, org.springframework.test.context.web.ServletTestExecutionListener, org.springframework.test.context.support.DirtiesContextBeforeModesTestExecutionListener, org.springframework.test.context.support.DependencyInjectionTestExecutionListener, org.springframework.test.context.support.DirtiesContextTestExecutionListener, org.springframework.test.context.transaction.TransactionalTestExecutionListener, org.springframework.test.context.jdbc.SqlScriptsTestExecutionListener]
[INFO ] 2019-03-12 14:08:45 [main] o.s.b.t.c.SpringBootTestContextBootstrapper - Using TestExecutionListeners: [org.springframework.test.context.web.ServletTestExecutionListener@6a03bcb1, org.springframework.test.context.support.DirtiesContextBeforeModesTestExecutionListener@21b2e768, org.springframework.boot.test.mock.mockito.MockitoTestExecutionListener@57250572, org.springframework.boot.test.autoconfigure.SpringBootDependencyInjectionTestExecutionListener@5609159b, org.springframework.test.context.support.DirtiesContextTestExecutionListener@2118cddf, org.springframework.test.context.transaction.TransactionalTestExecutionListener@17a7f733, org.springframework.test.context.jdbc.SqlScriptsTestExecutionListener@68567e20, org.springframework.boot.test.mock.mockito.ResetMocksTestExecutionListener@76ed1b7c, org.springframework.boot.test.autoconfigure.web.servlet.MockMvcPrintOnlyOnFailureTestExecutionListener@11fc564b, org.springframework.boot.test.autoconfigure.restdocs.RestDocsTestExecutionListener@394a2528, org.springframework.boot.test.autoconfigure.web.servlet.WebDriverTestExecutionListener@6236eb5f, org.springframework.boot.test.autoconfigure.web.client.MockRestServiceServerResetTestExecutionListener@7c1e2a9e]
[INFO ] 2019-03-12 14:08:47 [main] com.test.SampleTest - Starting SampleTest on asuscy with PID 7952 (started by ggg in D:\code\fish_parent\fish_match)
[INFO ] 2019-03-12 14:08:47 [main] com.test.SampleTest - No active profile set, falling back to default profiles: default
[INFO ] 2019-03-12 14:08:47 [main] o.s.w.c.s.GenericWebApplicationContext - Refreshing org.springframework.web.context.support.GenericWebApplicationContext@21d03963: startup date [Tue Mar 12 14:08:48 CST 2019]; root of context hierarchy
[INFO ] 2019-03-12 14:08:47 [main] o.s.c.s.PostProcessorRegistrationDelegate$BeanPostProcessorChecker - Bean 'org.springframework.transaction.annotation.ProxyTransactionManagementConfiguration' of type [org.springframework.transaction.annotation.ProxyTransactionManagementConfiguration$$EnhancerBySpringCGLIB$$e4d60a40] is not eligible for getting processed by all BeanPostProcessors (for example: not eligible for auto-proxying)
[INFO ] 2019-03-12 14:08:47 [main] com.zaxxer.hikari.HikariDataSource - HikariPool-1 - Starting...
[INFO ] 2019-03-12 14:08:47 [main] com.zaxxer.hikari.HikariDataSource - HikariPool-1 - Start completed.
[INFO ] 2019-03-12 14:08:47 [main] o.s.o.j.LocalContainerEntityManagerFactoryBean - Building JPA container EntityManagerFactory for persistence unit 'default'
[INFO ] 2019-03-12 14:08:47 [main] org.hibernate.Version - HHH000412: Hibernate Core {5.2.16.Final}
[INFO ] 2019-03-12 14:08:47 [main] org.hibernate.cfg.Environment - HHH000206: hibernate.properties not found
[INFO ] 2019-03-12 14:08:47 [main] o.h.annotations.common.Version - HCANN000001: Hibernate Commons Annotations {5.0.1.Final}
[INFO ] 2019-03-12 14:08:47 [main] org.hibernate.dialect.Dialect - HHH000400: Using dialect: org.hibernate.dialect.MySQL5Dialect
[INFO ] 2019-03-12 14:08:47 [main] o.s.o.j.LocalContainerEntityManagerFactoryBean - Initialized JPA EntityManagerFactory for persistence unit 'default'
[INFO ] 2019-03-12 14:08:47 [main] o.s.w.s.h.SimpleUrlHandlerMapping - Mapped URL path [/**/favicon.ico] onto handler of type [class org.springframework.web.servlet.resource.ResourceHttpRequestHandler]
[INFO ] 2019-03-12 14:08:47 [main] o.s.w.s.m.m.a.RequestMappingHandlerAdapter - Looking for @ControllerAdvice: org.springframework.web.context.support.GenericWebApplicationContext@21d03963: startup date [Tue Mar 12 14:08:48 CST 2019]; root of context hierarchy
[INFO ] 2019-03-12 14:08:47 [main] o.s.w.s.m.m.a.RequestMappingHandlerMapping - Mapped "{[/error]}" onto public org.springframework.http.ResponseEntity<java.util.Map<java.lang.String, java.lang.Object>> org.springframework.boot.autoconfigure.web.servlet.error.BasicErrorController.error(javax.servlet.http.HttpServletRequest)
[INFO ] 2019-03-12 14:08:47 [main] o.s.w.s.m.m.a.RequestMappingHandlerMapping - Mapped "{[/error],produces=[text/html]}" onto public org.springframework.web.servlet.ModelAndView org.springframework.boot.autoconfigure.web.servlet.error.BasicErrorController.errorHtml(javax.servlet.http.HttpServletRequest,javax.servlet.http.HttpServletResponse)
[INFO ] 2019-03-12 14:08:47 [main] o.s.w.s.h.SimpleUrlHandlerMapping - Mapped URL path [/webjars/**] onto handler of type [class org.springframework.web.servlet.resource.ResourceHttpRequestHandler]
[INFO ] 2019-03-12 14:08:47 [main] o.s.w.s.h.SimpleUrlHandlerMapping - Mapped URL path [/**] onto handler of type [class org.springframework.web.servlet.resource.ResourceHttpRequestHandler]
[INFO ] 2019-03-12 14:08:47 [main] com.test.SampleTest - Started SampleTest in 11.303 seconds (JVM running for 13.32)
[INFO ] 2019-03-12 14:08:47 [main] o.h.h.i.QueryTranslatorFactoryInitiator - HHH000397: Using ASTQueryTranslatorFactory
[INFO ] 2019-03-12 14:08:47 [Thread-2] o.s.w.c.s.GenericWebApplicationContext - Closing org.springframework.web.context.support.GenericWebApplicationContext@21d03963: startup date [Tue Mar 12 14:08:48 CST 2019]; root of context hierarchy
[INFO ] 2019-03-12 14:08:47 [Thread-2] o.s.o.j.LocalContainerEntityManagerFactoryBean - Closing JPA EntityManagerFactory for persistence unit 'default'
[INFO ] 2019-03-12 14:08:47 [Thread-2] com.zaxxer.hikari.HikariDataSource - HikariPool-1 - Shutdown initiated...
[INFO ] 2019-03-12 14:08:47 [Thread-2] com.zaxxer.hikari.HikariDataSource - HikariPool-1 - Shutdown completed.
[INFO ] 2019-03-12 14:18:52 [main] o.s.b.t.c.SpringBootTestContextBootstrapper - Neither @ContextConfiguration nor @ContextHierarchy found for test class [com.test.SampleTest], using SpringBootContextLoader
[INFO ] 2019-03-12 14:18:52 [main] o.s.t.c.s.AbstractContextLoader - Could not detect default resource locations for test class [com.test.SampleTest]: no resource found for suffixes {-context.xml, Context.groovy}.
[INFO ] 2019-03-12 14:18:52 [main] o.s.b.t.c.SpringBootTestContextBootstrapper - Loaded default TestExecutionListener class names from location [META-INF/spring.factories]: [org.springframework.boot.test.mock.mockito.MockitoTestExecutionListener, org.springframework.boot.test.mock.mockito.ResetMocksTestExecutionListener, org.springframework.boot.test.autoconfigure.restdocs.RestDocsTestExecutionListener, org.springframework.boot.test.autoconfigure.web.client.MockRestServiceServerResetTestExecutionListener, org.springframework.boot.test.autoconfigure.web.servlet.MockMvcPrintOnlyOnFailureTestExecutionListener, org.springframework.boot.test.autoconfigure.web.servlet.WebDriverTestExecutionListener, org.springframework.test.context.web.ServletTestExecutionListener, org.springframework.test.context.support.DirtiesContextBeforeModesTestExecutionListener, org.springframework.test.context.support.DependencyInjectionTestExecutionListener, org.springframework.test.context.support.DirtiesContextTestExecutionListener, org.springframework.test.context.transaction.TransactionalTestExecutionListener, org.springframework.test.context.jdbc.SqlScriptsTestExecutionListener]
[INFO ] 2019-03-12 14:18:52 [main] o.s.b.t.c.SpringBootTestContextBootstrapper - Using TestExecutionListeners: [org.springframework.test.context.web.ServletTestExecutionListener@6a03bcb1, org.springframework.test.context.support.DirtiesContextBeforeModesTestExecutionListener@21b2e768, org.springframework.boot.test.mock.mockito.MockitoTestExecutionListener@57250572, org.springframework.boot.test.autoconfigure.SpringBootDependencyInjectionTestExecutionListener@5609159b, org.springframework.test.context.support.DirtiesContextTestExecutionListener@2118cddf, org.springframework.test.context.transaction.TransactionalTestExecutionListener@17a7f733, org.springframework.test.context.jdbc.SqlScriptsTestExecutionListener@68567e20, org.springframework.boot.test.mock.mockito.ResetMocksTestExecutionListener@76ed1b7c, org.springframework.boot.test.autoconfigure.web.servlet.MockMvcPrintOnlyOnFailureTestExecutionListener@11fc564b, org.springframework.boot.test.autoconfigure.restdocs.RestDocsTestExecutionListener@394a2528, org.springframework.boot.test.autoconfigure.web.servlet.WebDriverTestExecutionListener@6236eb5f, org.springframework.boot.test.autoconfigure.web.client.MockRestServiceServerResetTestExecutionListener@7c1e2a9e]
[INFO ] 2019-03-12 14:18:54 [main] com.test.SampleTest - Starting SampleTest on asuscy with PID 11228 (started by ggg in D:\code\fish_parent\fish_match)
[INFO ] 2019-03-12 14:18:54 [main] com.test.SampleTest - No active profile set, falling back to default profiles: default
[INFO ] 2019-03-12 14:18:54 [main] o.s.w.c.s.GenericWebApplicationContext - Refreshing org.springframework.web.context.support.GenericWebApplicationContext@21d03963: startup date [Tue Mar 12 14:18:54 CST 2019]; root of context hierarchy
[INFO ] 2019-03-12 14:18:54 [main] o.s.c.s.PostProcessorRegistrationDelegate$BeanPostProcessorChecker - Bean 'org.springframework.transaction.annotation.ProxyTransactionManagementConfiguration' of type [org.springframework.transaction.annotation.ProxyTransactionManagementConfiguration$$EnhancerBySpringCGLIB$$7f1663cb] is not eligible for getting processed by all BeanPostProcessors (for example: not eligible for auto-proxying)
[INFO ] 2019-03-12 14:18:54 [main] com.zaxxer.hikari.HikariDataSource - HikariPool-1 - Starting...
[INFO ] 2019-03-12 14:18:54 [main] com.zaxxer.hikari.HikariDataSource - HikariPool-1 - Start completed.
[INFO ] 2019-03-12 14:18:54 [main] o.s.o.j.LocalContainerEntityManagerFactoryBean - Building JPA container EntityManagerFactory for persistence unit 'default'
[INFO ] 2019-03-12 14:18:54 [main] org.hibernate.Version - HHH000412: Hibernate Core {5.2.16.Final}
[INFO ] 2019-03-12 14:18:54 [main] org.hibernate.cfg.Environment - HHH000206: hibernate.properties not found
[INFO ] 2019-03-12 14:18:54 [main] o.h.annotations.common.Version - HCANN000001: Hibernate Commons Annotations {5.0.1.Final}
[INFO ] 2019-03-12 14:18:54 [main] org.hibernate.dialect.Dialect - HHH000400: Using dialect: org.hibernate.dialect.MySQL5Dialect
[INFO ] 2019-03-12 14:18:54 [main] o.s.o.j.LocalContainerEntityManagerFactoryBean - Initialized JPA EntityManagerFactory for persistence unit 'default'
[INFO ] 2019-03-12 14:18:54 [main] o.s.w.s.h.SimpleUrlHandlerMapping - Mapped URL path [/**/favicon.ico] onto handler of type [class org.springframework.web.servlet.resource.ResourceHttpRequestHandler]
[INFO ] 2019-03-12 14:18:54 [main] o.s.w.s.m.m.a.RequestMappingHandlerAdapter - Looking for @ControllerAdvice: org.springframework.web.context.support.GenericWebApplicationContext@21d03963: startup date [Tue Mar 12 14:18:54 CST 2019]; root of context hierarchy
[INFO ] 2019-03-12 14:18:54 [main] o.s.w.s.m.m.a.RequestMappingHandlerMapping - Mapped "{[/error]}" onto public org.springframework.http.ResponseEntity<java.util.Map<java.lang.String, java.lang.Object>> org.springframework.boot.autoconfigure.web.servlet.error.BasicErrorController.error(javax.servlet.http.HttpServletRequest)
[INFO ] 2019-03-12 14:18:54 [main] o.s.w.s.m.m.a.RequestMappingHandlerMapping - Mapped "{[/error],produces=[text/html]}" onto public org.springframework.web.servlet.ModelAndView org.springframework.boot.autoconfigure.web.servlet.error.BasicErrorController.errorHtml(javax.servlet.http.HttpServletRequest,javax.servlet.http.HttpServletResponse)
[INFO ] 2019-03-12 14:18:54 [main] o.s.w.s.h.SimpleUrlHandlerMapping - Mapped URL path [/webjars/**] onto handler of type [class org.springframework.web.servlet.resource.ResourceHttpRequestHandler]
[INFO ] 2019-03-12 14:18:54 [main] o.s.w.s.h.SimpleUrlHandlerMapping - Mapped URL path [/**] onto handler of type [class org.springframework.web.servlet.resource.ResourceHttpRequestHandler]
[INFO ] 2019-03-12 14:18:54 [main] com.test.SampleTest - Started SampleTest in 11.984 seconds (JVM running for 14.329)
[INFO ] 2019-03-12 14:18:54 [main] o.h.h.i.QueryTranslatorFactoryInitiator - HHH000397: Using ASTQueryTranslatorFactory
[INFO ] 2019-03-12 14:18:54 [Thread-2] o.s.w.c.s.GenericWebApplicationContext - Closing org.springframework.web.context.support.GenericWebApplicationContext@21d03963: startup date [Tue Mar 12 14:18:54 CST 2019]; root of context hierarchy
[INFO ] 2019-03-12 14:18:54 [Thread-2] o.s.o.j.LocalContainerEntityManagerFactoryBean - Closing JPA EntityManagerFactory for persistence unit 'default'
[INFO ] 2019-03-12 14:18:54 [Thread-2] com.zaxxer.hikari.HikariDataSource - HikariPool-1 - Shutdown initiated...
[INFO ] 2019-03-12 14:18:54 [Thread-2] com.zaxxer.hikari.HikariDataSource - HikariPool-1 - Shutdown completed.
[INFO ] 2019-03-12 14:20:11 [main] o.s.b.t.c.SpringBootTestContextBootstrapper - Neither @ContextConfiguration nor @ContextHierarchy found for test class [com.test.SampleTest], using SpringBootContextLoader
[INFO ] 2019-03-12 14:20:11 [main] o.s.t.c.s.AbstractContextLoader - Could not detect default resource locations for test class [com.test.SampleTest]: no resource found for suffixes {-context.xml, Context.groovy}.
[INFO ] 2019-03-12 14:20:11 [main] o.s.b.t.c.SpringBootTestContextBootstrapper - Loaded default TestExecutionListener class names from location [META-INF/spring.factories]: [org.springframework.boot.test.mock.mockito.MockitoTestExecutionListener, org.springframework.boot.test.mock.mockito.ResetMocksTestExecutionListener, org.springframework.boot.test.autoconfigure.restdocs.RestDocsTestExecutionListener, org.springframework.boot.test.autoconfigure.web.client.MockRestServiceServerResetTestExecutionListener, org.springframework.boot.test.autoconfigure.web.servlet.MockMvcPrintOnlyOnFailureTestExecutionListener, org.springframework.boot.test.autoconfigure.web.servlet.WebDriverTestExecutionListener, org.springframework.test.context.web.ServletTestExecutionListener, org.springframework.test.context.support.DirtiesContextBeforeModesTestExecutionListener, org.springframework.test.context.support.DependencyInjectionTestExecutionListener, org.springframework.test.context.support.DirtiesContextTestExecutionListener, org.springframework.test.context.transaction.TransactionalTestExecutionListener, org.springframework.test.context.jdbc.SqlScriptsTestExecutionListener]
[INFO ] 2019-03-12 14:20:11 [main] o.s.b.t.c.SpringBootTestContextBootstrapper - Using TestExecutionListeners: [org.springframework.test.context.web.ServletTestExecutionListener@6a03bcb1, org.springframework.test.context.support.DirtiesContextBeforeModesTestExecutionListener@21b2e768, org.springframework.boot.test.mock.mockito.MockitoTestExecutionListener@57250572, org.springframework.boot.test.autoconfigure.SpringBootDependencyInjectionTestExecutionListener@5609159b, org.springframework.test.context.support.DirtiesContextTestExecutionListener@2118cddf, org.springframework.test.context.transaction.TransactionalTestExecutionListener@17a7f733, org.springframework.test.context.jdbc.SqlScriptsTestExecutionListener@68567e20, org.springframework.boot.test.mock.mockito.ResetMocksTestExecutionListener@76ed1b7c, org.springframework.boot.test.autoconfigure.web.servlet.MockMvcPrintOnlyOnFailureTestExecutionListener@11fc564b, org.springframework.boot.test.autoconfigure.restdocs.RestDocsTestExecutionListener@394a2528, org.springframework.boot.test.autoconfigure.web.servlet.WebDriverTestExecutionListener@6236eb5f, org.springframework.boot.test.autoconfigure.web.client.MockRestServiceServerResetTestExecutionListener@7c1e2a9e]
[INFO ] 2019-03-12 14:20:12 [main] com.test.SampleTest - Starting SampleTest on asuscy with PID 15404 (started by ggg in D:\code\fish_parent\fish_match)
[INFO ] 2019-03-12 14:20:12 [main] com.test.SampleTest - No active profile set, falling back to default profiles: default
[INFO ] 2019-03-12 14:20:12 [main] o.s.w.c.s.GenericWebApplicationContext - Refreshing org.springframework.web.context.support.GenericWebApplicationContext@21d03963: startup date [Tue Mar 12 14:20:13 CST 2019]; root of context hierarchy
[INFO ] 2019-03-12 14:20:12 [main] o.s.c.s.PostProcessorRegistrationDelegate$BeanPostProcessorChecker - Bean 'org.springframework.transaction.annotation.ProxyTransactionManagementConfiguration' of type [org.springframework.transaction.annotation.ProxyTransactionManagementConfiguration$$EnhancerBySpringCGLIB$$ed7b5594] is not eligible for getting processed by all BeanPostProcessors (for example: not eligible for auto-proxying)
[INFO ] 2019-03-12 14:20:12 [main] com.zaxxer.hikari.HikariDataSource - HikariPool-1 - Starting...
[INFO ] 2019-03-12 14:20:12 [main] com.zaxxer.hikari.HikariDataSource - HikariPool-1 - Start completed.
[INFO ] 2019-03-12 14:20:12 [main] o.s.o.j.LocalContainerEntityManagerFactoryBean - Building JPA container EntityManagerFactory for persistence unit 'default'
[INFO ] 2019-03-12 14:20:12 [main] org.hibernate.Version - HHH000412: Hibernate Core {5.2.16.Final}
[INFO ] 2019-03-12 14:20:12 [main] org.hibernate.cfg.Environment - HHH000206: hibernate.properties not found
[INFO ] 2019-03-12 14:20:12 [main] o.h.annotations.common.Version - HCANN000001: Hibernate Commons Annotations {5.0.1.Final}
[INFO ] 2019-03-12 14:20:12 [main] org.hibernate.dialect.Dialect - HHH000400: Using dialect: org.hibernate.dialect.MySQL5Dialect
[INFO ] 2019-03-12 14:20:12 [main] o.s.o.j.LocalContainerEntityManagerFactoryBean - Initialized JPA EntityManagerFactory for persistence unit 'default'
[INFO ] 2019-03-12 14:20:12 [main] o.s.w.s.h.SimpleUrlHandlerMapping - Mapped URL path [/**/favicon.ico] onto handler of type [class org.springframework.web.servlet.resource.ResourceHttpRequestHandler]
[INFO ] 2019-03-12 14:20:12 [main] o.s.w.s.m.m.a.RequestMappingHandlerAdapter - Looking for @ControllerAdvice: org.springframework.web.context.support.GenericWebApplicationContext@21d03963: startup date [Tue Mar 12 14:20:13 CST 2019]; root of context hierarchy
[INFO ] 2019-03-12 14:20:12 [main] o.s.w.s.m.m.a.RequestMappingHandlerMapping - Mapped "{[/error]}" onto public org.springframework.http.ResponseEntity<java.util.Map<java.lang.String, java.lang.Object>> org.springframework.boot.autoconfigure.web.servlet.error.BasicErrorController.error(javax.servlet.http.HttpServletRequest)
[INFO ] 2019-03-12 14:20:12 [main] o.s.w.s.m.m.a.RequestMappingHandlerMapping - Mapped "{[/error],produces=[text/html]}" onto public org.springframework.web.servlet.ModelAndView org.springframework.boot.autoconfigure.web.servlet.error.BasicErrorController.errorHtml(javax.servlet.http.HttpServletRequest,javax.servlet.http.HttpServletResponse)
[INFO ] 2019-03-12 14:20:12 [main] o.s.w.s.h.SimpleUrlHandlerMapping - Mapped URL path [/webjars/**] onto handler of type [class org.springframework.web.servlet.resource.ResourceHttpRequestHandler]
[INFO ] 2019-03-12 14:20:12 [main] o.s.w.s.h.SimpleUrlHandlerMapping - Mapped URL path [/**] onto handler of type [class org.springframework.web.servlet.resource.ResourceHttpRequestHandler]
[INFO ] 2019-03-12 14:20:12 [main] com.test.SampleTest - Started SampleTest in 13.809 seconds (JVM running for 15.785)
[INFO ] 2019-03-12 14:20:12 [main] o.h.h.i.QueryTranslatorFactoryInitiator - HHH000397: Using ASTQueryTranslatorFactory
[INFO ] 2019-03-12 14:20:12 [Thread-2] o.s.w.c.s.GenericWebApplicationContext - Closing org.springframework.web.context.support.GenericWebApplicationContext@21d03963: startup date [Tue Mar 12 14:20:13 CST 2019]; root of context hierarchy
[INFO ] 2019-03-12 14:20:12 [Thread-2] o.s.o.j.LocalContainerEntityManagerFactoryBean - Closing JPA EntityManagerFactory for persistence unit 'default'
[INFO ] 2019-03-12 14:20:12 [Thread-2] com.zaxxer.hikari.HikariDataSource - HikariPool-1 - Shutdown initiated...
[INFO ] 2019-03-12 14:20:12 [Thread-2] com.zaxxer.hikari.HikariDataSource - HikariPool-1 - Shutdown completed.
