[TRACE] 2019-03-12 13:52:13 [main] o.h.type.descriptor.sql.BasicBinder - binding parameter [1] as [VARCHAR] - [%s%]
[TRACE] 2019-03-12 13:52:13 [main] o.h.t.descriptor.sql.BasicExtractor - extracted value ([id1_0_] : [VARCHAR]) - [50]
[TRACE] 2019-03-12 13:52:13 [main] o.h.t.descriptor.sql.BasicExtractor - extracted value ([fall2_0_] : [DOUBLE]) - [null]
[TRACE] 2019-03-12 13:52:13 [main] o.h.t.descriptor.sql.BasicExtractor - extracted value ([fifteen3_0_] : [DOUBLE]) - [null]
[TRACE] 2019-03-12 13:52:13 [main] o.h.t.descriptor.sql.BasicExtractor - extracted value ([fish_dis4_0_] : [VARCHAR]) - [qqqqq]
[TRACE] 2019-03-12 13:52:13 [main] o.h.t.descriptor.sql.BasicExtractor - extracted value ([fishname5_0_] : [VARCHAR]) - [dfs]
[TRACE] 2019-03-12 13:52:13 [main] o.h.t.descriptor.sql.BasicExtractor - extracted value ([sample_c6_0_] : [INTEGER]) - [8]
[TRACE] 2019-03-12 13:52:13 [main] o.h.t.descriptor.sql.BasicExtractor - extracted value ([spring7_0_] : [DOUBLE]) - [0.0]
[TRACE] 2019-03-12 13:52:13 [main] o.h.t.descriptor.sql.BasicExtractor - extracted value ([summer8_0_] : [DOUBLE]) - [null]
[TRACE] 2019-03-12 13:52:13 [main] o.h.t.descriptor.sql.BasicExtractor - extracted value ([tenand9_0_] : [DOUBLE]) - [null]
[TRACE] 2019-03-12 13:52:13 [main] o.h.t.descriptor.sql.BasicExtractor - extracted value ([tenless10_0_] : [DOUBLE]) - [null]
[TRACE] 2019-03-12 13:52:13 [main] o.h.t.descriptor.sql.BasicExtractor - extracted value ([twentya11_0_] : [DOUBLE]) - [null]
[TRACE] 2019-03-12 13:52:13 [main] o.h.t.descriptor.sql.BasicExtractor - extracted value ([winter12_0_] : [DOUBLE]) - [null]
[TRACE] 2019-03-12 13:53:07 [main] o.h.type.descriptor.sql.BasicBinder - binding parameter [1] as [VARCHAR] - [%大%]
[TRACE] 2019-03-12 13:58:32 [main] o.h.type.descriptor.sql.BasicBinder - binding parameter [1] as [VARCHAR] - [%s%]
[TRACE] 2019-03-12 13:58:32 [main] o.h.t.descriptor.sql.BasicExtractor - extracted value ([id1_0_] : [VARCHAR]) - [50]
[TRACE] 2019-03-12 13:58:32 [main] o.h.t.descriptor.sql.BasicExtractor - extracted value ([fall2_0_] : [DOUBLE]) - [null]
[TRACE] 2019-03-12 13:58:32 [main] o.h.t.descriptor.sql.BasicExtractor - extracted value ([fifteen3_0_] : [DOUBLE]) - [null]
[TRACE] 2019-03-12 13:58:32 [main] o.h.t.descriptor.sql.BasicExtractor - extracted value ([fish_dis4_0_] : [VARCHAR]) - [qqqqq]
[TRACE] 2019-03-12 13:58:32 [main] o.h.t.descriptor.sql.BasicExtractor - extracted value ([fishname5_0_] : [VARCHAR]) - [dfs]
[TRACE] 2019-03-12 13:58:32 [main] o.h.t.descriptor.sql.BasicExtractor - extracted value ([sample_c6_0_] : [INTEGER]) - [8]
[TRACE] 2019-03-12 13:58:32 [main] o.h.t.descriptor.sql.BasicExtractor - extracted value ([spring7_0_] : [DOUBLE]) - [0.0]
[TRACE] 2019-03-12 13:58:32 [main] o.h.t.descriptor.sql.BasicExtractor - extracted value ([summer8_0_] : [DOUBLE]) - [null]
[TRACE] 2019-03-12 13:58:32 [main] o.h.t.descriptor.sql.BasicExtractor - extracted value ([tenand9_0_] : [DOUBLE]) - [null]
[TRACE] 2019-03-12 13:58:32 [main] o.h.t.descriptor.sql.BasicExtractor - extracted value ([tenless10_0_] : [DOUBLE]) - [null]
[TRACE] 2019-03-12 13:58:32 [main] o.h.t.descriptor.sql.BasicExtractor - extracted value ([twentya11_0_] : [DOUBLE]) - [null]
[TRACE] 2019-03-12 13:58:32 [main] o.h.t.descriptor.sql.BasicExtractor - extracted value ([winter12_0_] : [DOUBLE]) - [null]
[TRACE] 2019-03-12 14:01:37 [main] o.h.type.descriptor.sql.BasicBinder - binding parameter [1] as [VARCHAR] - [%s%]
[TRACE] 2019-03-12 14:01:37 [main] o.h.t.descriptor.sql.BasicExtractor - extracted value ([id1_0_] : [VARCHAR]) - []
[TRACE] 2019-03-12 14:01:37 [main] o.h.t.descriptor.sql.BasicExtractor - extracted value ([fall2_0_] : [DOUBLE]) - [null]
[TRACE] 2019-03-12 14:01:37 [main] o.h.t.descriptor.sql.BasicExtractor - extracted value ([fifteen3_0_] : [DOUBLE]) - [null]
[TRACE] 2019-03-12 14:01:37 [main] o.h.t.descriptor.sql.BasicExtractor - extracted value ([fish_dis4_0_] : [VARCHAR]) - [null]
[TRACE] 2019-03-12 14:01:37 [main] o.h.t.descriptor.sql.BasicExtractor - extracted value ([fishname5_0_] : [VARCHAR]) - [dfs]
[TRACE] 2019-03-12 14:01:37 [main] o.h.t.descriptor.sql.BasicExtractor - extracted value ([sample_c6_0_] : [INTEGER]) - [null]
[TRACE] 2019-03-12 14:01:37 [main] o.h.t.descriptor.sql.BasicExtractor - extracted value ([spring7_0_] : [DOUBLE]) - [null]
[TRACE] 2019-03-12 14:01:37 [main] o.h.t.descriptor.sql.BasicExtractor - extracted value ([summer8_0_] : [DOUBLE]) - [null]
[TRACE] 2019-03-12 14:01:37 [main] o.h.t.descriptor.sql.BasicExtractor - extracted value ([tenand9_0_] : [DOUBLE]) - [null]
[TRACE] 2019-03-12 14:01:37 [main] o.h.t.descriptor.sql.BasicExtractor - extracted value ([tenless10_0_] : [DOUBLE]) - [null]
[TRACE] 2019-03-12 14:01:37 [main] o.h.t.descriptor.sql.BasicExtractor - extracted value ([twentya11_0_] : [DOUBLE]) - [null]
[TRACE] 2019-03-12 14:01:37 [main] o.h.t.descriptor.sql.BasicExtractor - extracted value ([winter12_0_] : [DOUBLE]) - [null]
[TRACE] 2019-03-12 14:01:37 [main] o.h.t.descriptor.sql.BasicExtractor - extracted value ([id1_0_] : [VARCHAR]) - [50]
[TRACE] 2019-03-12 14:01:37 [main] o.h.t.descriptor.sql.BasicExtractor - extracted value ([fall2_0_] : [DOUBLE]) - [null]
[TRACE] 2019-03-12 14:01:37 [main] o.h.t.descriptor.sql.BasicExtractor - extracted value ([fifteen3_0_] : [DOUBLE]) - [null]
[TRACE] 2019-03-12 14:01:37 [main] o.h.t.descriptor.sql.BasicExtractor - extracted value ([fish_dis4_0_] : [VARCHAR]) - [qqqqq]
[TRACE] 2019-03-12 14:01:37 [main] o.h.t.descriptor.sql.BasicExtractor - extracted value ([fishname5_0_] : [VARCHAR]) - [dfs]
[TRACE] 2019-03-12 14:01:37 [main] o.h.t.descriptor.sql.BasicExtractor - extracted value ([sample_c6_0_] : [INTEGER]) - [8]
[TRACE] 2019-03-12 14:01:37 [main] o.h.t.descriptor.sql.BasicExtractor - extracted value ([spring7_0_] : [DOUBLE]) - [0.0]
[TRACE] 2019-03-12 14:01:37 [main] o.h.t.descriptor.sql.BasicExtractor - extracted value ([summer8_0_] : [DOUBLE]) - [null]
[TRACE] 2019-03-12 14:01:37 [main] o.h.t.descriptor.sql.BasicExtractor - extracted value ([tenand9_0_] : [DOUBLE]) - [null]
[TRACE] 2019-03-12 14:01:37 [main] o.h.t.descriptor.sql.BasicExtractor - extracted value ([tenless10_0_] : [DOUBLE]) - [null]
[TRACE] 2019-03-12 14:01:37 [main] o.h.t.descriptor.sql.BasicExtractor - extracted value ([twentya11_0_] : [DOUBLE]) - [null]
[TRACE] 2019-03-12 14:01:37 [main] o.h.t.descriptor.sql.BasicExtractor - extracted value ([winter12_0_] : [DOUBLE]) - [null]
[TRACE] 2019-03-12 14:03:02 [main] o.h.type.descriptor.sql.BasicBinder - binding parameter [1] as [VARCHAR] - [%s%]
[TRACE] 2019-03-12 14:03:02 [main] o.h.t.descriptor.sql.BasicExtractor - extracted value ([id1_0_] : [VARCHAR]) - [50]
[TRACE] 2019-03-12 14:03:02 [main] o.h.t.descriptor.sql.BasicExtractor - extracted value ([fall2_0_] : [DOUBLE]) - [null]
[TRACE] 2019-03-12 14:03:02 [main] o.h.t.descriptor.sql.BasicExtractor - extracted value ([fifteen3_0_] : [DOUBLE]) - [null]
[TRACE] 2019-03-12 14:03:02 [main] o.h.t.descriptor.sql.BasicExtractor - extracted value ([fish_dis4_0_] : [VARCHAR]) - [qqqqq]
[TRACE] 2019-03-12 14:03:02 [main] o.h.t.descriptor.sql.BasicExtractor - extracted value ([fishname5_0_] : [VARCHAR]) - [dfs]
[TRACE] 2019-03-12 14:03:02 [main] o.h.t.descriptor.sql.BasicExtractor - extracted value ([sample_c6_0_] : [INTEGER]) - [8]
[TRACE] 2019-03-12 14:03:02 [main] o.h.t.descriptor.sql.BasicExtractor - extracted value ([spring7_0_] : [DOUBLE]) - [0.0]
[TRACE] 2019-03-12 14:03:02 [main] o.h.t.descriptor.sql.BasicExtractor - extracted value ([summer8_0_] : [DOUBLE]) - [null]
[TRACE] 2019-03-12 14:03:02 [main] o.h.t.descriptor.sql.BasicExtractor - extracted value ([tenand9_0_] : [DOUBLE]) - [null]
[TRACE] 2019-03-12 14:03:02 [main] o.h.t.descriptor.sql.BasicExtractor - extracted value ([tenless10_0_] : [DOUBLE]) - [null]
[TRACE] 2019-03-12 14:03:02 [main] o.h.t.descriptor.sql.BasicExtractor - extracted value ([twentya11_0_] : [DOUBLE]) - [null]
[TRACE] 2019-03-12 14:03:02 [main] o.h.t.descriptor.sql.BasicExtractor - extracted value ([winter12_0_] : [DOUBLE]) - [null]
[TRACE] 2019-03-12 14:03:02 [main] o.h.t.descriptor.sql.BasicExtractor - extracted value ([id1_0_] : [VARCHAR]) - [51]
[TRACE] 2019-03-12 14:03:02 [main] o.h.t.descriptor.sql.BasicExtractor - extracted value ([fall2_0_] : [DOUBLE]) - [null]
[TRACE] 2019-03-12 14:03:02 [main] o.h.t.descriptor.sql.BasicExtractor - extracted value ([fifteen3_0_] : [DOUBLE]) - [null]
[TRACE] 2019-03-12 14:03:02 [main] o.h.t.descriptor.sql.BasicExtractor - extracted value ([fish_dis4_0_] : [VARCHAR]) - [2313414]
[TRACE] 2019-03-12 14:03:02 [main] o.h.t.descriptor.sql.BasicExtractor - extracted value ([fishname5_0_] : [VARCHAR]) - [dfs]
[TRACE] 2019-03-12 14:03:02 [main] o.h.t.descriptor.sql.BasicExtractor - extracted value ([sample_c6_0_] : [INTEGER]) - [8]
[TRACE] 2019-03-12 14:03:02 [main] o.h.t.descriptor.sql.BasicExtractor - extracted value ([spring7_0_] : [DOUBLE]) - [null]
[TRACE] 2019-03-12 14:03:02 [main] o.h.t.descriptor.sql.BasicExtractor - extracted value ([summer8_0_] : [DOUBLE]) - [null]
[TRACE] 2019-03-12 14:03:02 [main] o.h.t.descriptor.sql.BasicExtractor - extracted value ([tenand9_0_] : [DOUBLE]) - [null]
[TRACE] 2019-03-12 14:03:02 [main] o.h.t.descriptor.sql.BasicExtractor - extracted value ([tenless10_0_] : [DOUBLE]) - [null]
[TRACE] 2019-03-12 14:03:02 [main] o.h.t.descriptor.sql.BasicExtractor - extracted value ([twentya11_0_] : [DOUBLE]) - [null]
[TRACE] 2019-03-12 14:03:02 [main] o.h.t.descriptor.sql.BasicExtractor - extracted value ([winter12_0_] : [DOUBLE]) - [null]
[TRACE] 2019-03-12 14:04:36 [main] o.h.type.descriptor.sql.BasicBinder - binding parameter [1] as [VARCHAR] - [%大%]
[TRACE] 2019-03-12 14:07:43 [main] o.h.type.descriptor.sql.BasicBinder - binding parameter [1] as [VARCHAR] - [%[B@796c68bf%]
[TRACE] 2019-03-12 14:08:47 [main] o.h.type.descriptor.sql.BasicBinder - binding parameter [1] as [VARCHAR] - [%大%]
[TRACE] 2019-03-12 14:18:54 [main] o.h.type.descriptor.sql.BasicBinder - binding parameter [1] as [VARCHAR] - [大]
[TRACE] 2019-03-12 14:20:12 [main] o.h.type.descriptor.sql.BasicBinder - binding parameter [1] as [VARCHAR] - [ ]
